[10.481s] DEBUG:colcon:Command line arguments: ['/usr/bin/colcon', 'build']
[10.481s] DEBUG:colcon:Parsed command line arguments: Namespace(log_base=None, log_level=None, verb_name='build', build_base='build', install_base='install', merge_install=False, symlink_install=False, test_result_base=None, continue_on_error=False, executor='parallel', parallel_workers=16, event_handlers=None, ignore_user_meta=False, metas=['./colcon.meta'], base_paths=['.'], packages_ignore=None, packages_ignore_regex=None, paths=None, packages_up_to=None, packages_up_to_regex=None, packages_above=None, packages_above_and_dependencies=None, packages_above_depth=None, packages_select_by_dep=None, packages_skip_by_dep=None, packages_skip_up_to=None, packages_select_build_failed=False, packages_skip_build_finished=False, packages_select_test_failures=False, packages_skip_test_passed=False, packages_select=None, packages_skip=None, packages_select_regex=None, packages_skip_regex=None, packages_start=None, packages_end=None, allow_overriding=[], cmake_args=None, cmake_target=None, cmake_target_skip_unavailable=False, cmake_clean_cache=False, cmake_clean_first=False, cmake_force_configure=False, ament_cmake_args=None, catkin_cmake_args=None, catkin_skip_building_tests=False, verb_parser=<colcon_defaults.argument_parser.defaults.DefaultArgumentsDecorator object at 0x7fb50e18c340>, verb_extension=<colcon_core.verb.build.BuildVerb object at 0x7fb50e0ae290>, main=<bound method BuildVerb.main of <colcon_core.verb.build.BuildVerb object at 0x7fb50e0ae290>>)
[13.119s] Level 1:colcon.colcon_core.package_discovery:discover_packages(colcon_meta) check parameters
[13.119s] Level 1:colcon.colcon_core.package_discovery:discover_packages(recursive) check parameters
[13.119s] Level 1:colcon.colcon_core.package_discovery:discover_packages(ignore) check parameters
[13.119s] Level 1:colcon.colcon_core.package_discovery:discover_packages(path) check parameters
[13.119s] Level 1:colcon.colcon_core.package_discovery:discover_packages(colcon_meta) discover
[13.119s] Level 1:colcon.colcon_core.package_discovery:discover_packages(recursive) discover
[13.119s] INFO:colcon.colcon_core.package_discovery:Crawling recursively for packages in '/home/peng/swrob_ws'
[13.119s] Level 1:colcon.colcon_core.package_identification:_identify(.) by extensions ['ignore', 'ignore_ament_install']
[13.119s] Level 1:colcon.colcon_core.package_identification:_identify(.) by extension 'ignore'
[13.119s] Level 1:colcon.colcon_core.package_identification:_identify(.) by extension 'ignore_ament_install'
[13.119s] Level 1:colcon.colcon_core.package_identification:_identify(.) by extensions ['colcon_pkg']
[13.119s] Level 1:colcon.colcon_core.package_identification:_identify(.) by extension 'colcon_pkg'
[13.119s] Level 1:colcon.colcon_core.package_identification:_identify(.) by extensions ['colcon_meta']
[13.119s] Level 1:colcon.colcon_core.package_identification:_identify(.) by extension 'colcon_meta'
[13.119s] Level 1:colcon.colcon_core.package_identification:_identify(.) by extensions ['ros']
[13.119s] Level 1:colcon.colcon_core.package_identification:_identify(.) by extension 'ros'
[13.328s] Level 1:colcon.colcon_core.package_identification:_identify(.) by extensions ['cmake', 'python']
[13.328s] Level 1:colcon.colcon_core.package_identification:_identify(.) by extension 'cmake'
[13.328s] Level 1:colcon.colcon_core.package_identification:_identify(.) by extension 'python'
[13.328s] Level 1:colcon.colcon_core.package_identification:_identify(.) by extensions ['python_setup_py']
[13.328s] Level 1:colcon.colcon_core.package_identification:_identify(.) by extension 'python_setup_py'
[13.328s] Level 1:colcon.colcon_core.package_identification:_identify(build) by extensions ['ignore', 'ignore_ament_install']
[13.328s] Level 1:colcon.colcon_core.package_identification:_identify(build) by extension 'ignore'
[13.328s] Level 1:colcon.colcon_core.package_identification:_identify(build) ignored
[13.328s] Level 1:colcon.colcon_core.package_identification:_identify(install) by extensions ['ignore', 'ignore_ament_install']
[13.328s] Level 1:colcon.colcon_core.package_identification:_identify(install) by extension 'ignore'
[13.328s] Level 1:colcon.colcon_core.package_identification:_identify(install) ignored
[13.328s] Level 1:colcon.colcon_core.package_identification:_identify(log) by extensions ['ignore', 'ignore_ament_install']
[13.328s] Level 1:colcon.colcon_core.package_identification:_identify(log) by extension 'ignore'
[13.329s] Level 1:colcon.colcon_core.package_identification:_identify(log) ignored
[13.329s] Level 1:colcon.colcon_core.package_identification:_identify(src) by extensions ['ignore', 'ignore_ament_install']
[13.329s] Level 1:colcon.colcon_core.package_identification:_identify(src) by extension 'ignore'
[13.329s] Level 1:colcon.colcon_core.package_identification:_identify(src) by extension 'ignore_ament_install'
[13.329s] Level 1:colcon.colcon_core.package_identification:_identify(src) by extensions ['colcon_pkg']
[13.329s] Level 1:colcon.colcon_core.package_identification:_identify(src) by extension 'colcon_pkg'
[13.329s] Level 1:colcon.colcon_core.package_identification:_identify(src) by extensions ['colcon_meta']
[13.329s] Level 1:colcon.colcon_core.package_identification:_identify(src) by extension 'colcon_meta'
[13.329s] Level 1:colcon.colcon_core.package_identification:_identify(src) by extensions ['ros']
[13.329s] Level 1:colcon.colcon_core.package_identification:_identify(src) by extension 'ros'
[13.329s] Level 1:colcon.colcon_core.package_identification:_identify(src) by extensions ['cmake', 'python']
[13.329s] Level 1:colcon.colcon_core.package_identification:_identify(src) by extension 'cmake'
[13.329s] Level 1:colcon.colcon_core.package_identification:_identify(src) by extension 'python'
[13.329s] Level 1:colcon.colcon_core.package_identification:_identify(src) by extensions ['python_setup_py']
[13.329s] Level 1:colcon.colcon_core.package_identification:_identify(src) by extension 'python_setup_py'
[13.329s] Level 1:colcon.colcon_core.package_identification:_identify(src/swrob_can) by extensions ['ignore', 'ignore_ament_install']
[13.329s] Level 1:colcon.colcon_core.package_identification:_identify(src/swrob_can) by extension 'ignore'
[13.329s] Level 1:colcon.colcon_core.package_identification:_identify(src/swrob_can) by extension 'ignore_ament_install'
[13.329s] Level 1:colcon.colcon_core.package_identification:_identify(src/swrob_can) by extensions ['colcon_pkg']
[13.329s] Level 1:colcon.colcon_core.package_identification:_identify(src/swrob_can) by extension 'colcon_pkg'
[13.329s] Level 1:colcon.colcon_core.package_identification:_identify(src/swrob_can) by extensions ['colcon_meta']
[13.330s] Level 1:colcon.colcon_core.package_identification:_identify(src/swrob_can) by extension 'colcon_meta'
[13.330s] Level 1:colcon.colcon_core.package_identification:_identify(src/swrob_can) by extensions ['ros']
[13.330s] Level 1:colcon.colcon_core.package_identification:_identify(src/swrob_can) by extension 'ros'
[13.570s] DEBUG:colcon.colcon_core.package_identification:Package 'src/swrob_can' with type 'ros.ament_python' and name 'swrob_can'
[13.570s] Level 1:colcon.colcon_core.package_discovery:discover_packages(recursive) using defaults
[13.570s] Level 1:colcon.colcon_core.package_discovery:discover_packages(ignore) discover
[13.570s] Level 1:colcon.colcon_core.package_discovery:discover_packages(ignore) using defaults
[13.570s] Level 1:colcon.colcon_core.package_discovery:discover_packages(path) discover
[13.570s] Level 1:colcon.colcon_core.package_discovery:discover_packages(path) using defaults
[14.448s] Level 1:colcon.colcon_core.package_discovery:discover_packages(prefix_path) check parameters
[14.448s] Level 1:colcon.colcon_core.package_discovery:discover_packages(prefix_path) discover
[14.594s] Level 1:colcon.colcon_core.package_discovery:discover_packages(prefix_path) using defaults
[14.622s] Level 5:colcon.colcon_core.verb:set package 'swrob_can' build argument 'cmake_args' from command line to 'None'
[14.622s] Level 5:colcon.colcon_core.verb:set package 'swrob_can' build argument 'cmake_target' from command line to 'None'
[14.622s] Level 5:colcon.colcon_core.verb:set package 'swrob_can' build argument 'cmake_target_skip_unavailable' from command line to 'False'
[14.622s] Level 5:colcon.colcon_core.verb:set package 'swrob_can' build argument 'cmake_clean_cache' from command line to 'False'
[14.622s] Level 5:colcon.colcon_core.verb:set package 'swrob_can' build argument 'cmake_clean_first' from command line to 'False'
[14.622s] Level 5:colcon.colcon_core.verb:set package 'swrob_can' build argument 'cmake_force_configure' from command line to 'False'
[14.623s] Level 5:colcon.colcon_core.verb:set package 'swrob_can' build argument 'ament_cmake_args' from command line to 'None'
[14.623s] Level 5:colcon.colcon_core.verb:set package 'swrob_can' build argument 'catkin_cmake_args' from command line to 'None'
[14.623s] Level 5:colcon.colcon_core.verb:set package 'swrob_can' build argument 'catkin_skip_building_tests' from command line to 'False'
[14.623s] DEBUG:colcon.colcon_core.verb:Building package 'swrob_can' with the following arguments: {'ament_cmake_args': None, 'build_base': '/home/peng/swrob_ws/build/swrob_can', 'catkin_cmake_args': None, 'catkin_skip_building_tests': False, 'cmake_args': None, 'cmake_clean_cache': False, 'cmake_clean_first': False, 'cmake_force_configure': False, 'cmake_target': None, 'cmake_target_skip_unavailable': False, 'install_base': '/home/peng/swrob_ws/install/swrob_can', 'merge_install': False, 'path': '/home/peng/swrob_ws/src/swrob_can', 'symlink_install': False, 'test_result_base': None}
[14.625s] INFO:colcon.colcon_core.executor:Executing jobs using 'parallel' executor
[14.639s] DEBUG:colcon.colcon_parallel_executor.executor.parallel:run_until_complete
[14.639s] INFO:colcon.colcon_ros.task.ament_python.build:Building ROS package in '/home/peng/swrob_ws/src/swrob_can' with build type 'ament_python'
[14.640s] Level 1:colcon.colcon_core.shell:create_environment_hook('swrob_can', 'ament_prefix_path')
[14.845s] INFO:colcon.colcon_core.plugin_system:Skipping extension 'colcon_core.shell.bat': Not used on non-Windows systems
[14.845s] INFO:colcon.colcon_core.shell:Creating environment hook '/home/peng/swrob_ws/install/swrob_can/share/swrob_can/hook/ament_prefix_path.ps1'
[14.899s] INFO:colcon.colcon_core.shell:Creating environment descriptor '/home/peng/swrob_ws/install/swrob_can/share/swrob_can/hook/ament_prefix_path.dsv'
[14.936s] INFO:colcon.colcon_core.shell:Creating environment hook '/home/peng/swrob_ws/install/swrob_can/share/swrob_can/hook/ament_prefix_path.sh'
[14.942s] INFO:colcon.colcon_core.shell:Skip shell extension 'powershell' for command environment: Not usable outside of PowerShell
[14.942s] DEBUG:colcon.colcon_core.shell:Skip shell extension 'dsv' for command environment
[15.113s] INFO:colcon.colcon_core.task.python.build:Building Python package in '/home/peng/swrob_ws/src/swrob_can'
[15.114s] INFO:colcon.colcon_core.shell:Skip shell extension 'powershell' for command environment: Not usable outside of PowerShell
[15.114s] DEBUG:colcon.colcon_core.shell:Skip shell extension 'dsv' for command environment
[19.544s] DEBUG:colcon.colcon_core.event_handler.log_command:Invoking command in '/home/peng/swrob_ws/src/swrob_can': PYTHONPATH=/home/peng/swrob_ws/install/swrob_can/lib/python3.10/site-packages: /usr/bin/python3 setup.py egg_info --egg-base ../../build/swrob_can build --build-base /home/peng/swrob_ws/build/swrob_can/build install --prefix /home/peng/swrob_ws/install/swrob_can --record /home/peng/swrob_ws/build/swrob_can/install.log --single-version-externally-managed
[19.992s] DEBUG:colcon.colcon_core.event_handler.log_command:Invoked command in '/home/peng/swrob_ws/src/swrob_can' returned '0': PYTHONPATH=/home/peng/swrob_ws/install/swrob_can/lib/python3.10/site-packages: /usr/bin/python3 setup.py egg_info --egg-base ../../build/swrob_can build --build-base /home/peng/swrob_ws/build/swrob_can/build install --prefix /home/peng/swrob_ws/install/swrob_can --record /home/peng/swrob_ws/build/swrob_can/install.log --single-version-externally-managed
[20.698s] Level 1:colcon.colcon_core.environment:checking '/home/peng/swrob_ws/install/swrob_can' for CMake module files
[20.700s] Level 1:colcon.colcon_core.environment:checking '/home/peng/swrob_ws/install/swrob_can' for CMake config files
[20.702s] Level 1:colcon.colcon_core.environment:checking '/home/peng/swrob_ws/install/swrob_can/lib'
[20.702s] Level 1:colcon.colcon_core.environment:checking '/home/peng/swrob_ws/install/swrob_can/bin'
[20.703s] Level 1:colcon.colcon_core.environment:checking '/home/peng/swrob_ws/install/swrob_can/lib/pkgconfig/swrob_can.pc'
[20.704s] Level 1:colcon.colcon_core.environment:checking '/home/peng/swrob_ws/install/swrob_can/lib/python3.10/site-packages'
[20.704s] Level 1:colcon.colcon_core.shell:create_environment_hook('swrob_can', 'pythonpath')
[20.708s] INFO:colcon.colcon_core.shell:Creating environment hook '/home/peng/swrob_ws/install/swrob_can/share/swrob_can/hook/pythonpath.ps1'
[20.798s] INFO:colcon.colcon_core.shell:Creating environment descriptor '/home/peng/swrob_ws/install/swrob_can/share/swrob_can/hook/pythonpath.dsv'
[20.800s] INFO:colcon.colcon_core.shell:Creating environment hook '/home/peng/swrob_ws/install/swrob_can/share/swrob_can/hook/pythonpath.sh'
[20.802s] Level 1:colcon.colcon_core.environment:checking '/home/peng/swrob_ws/install/swrob_can/bin'
[20.802s] Level 1:colcon.colcon_core.environment:create_environment_scripts_only(swrob_can)
[20.806s] INFO:colcon.colcon_core.shell:Creating package script '/home/peng/swrob_ws/install/swrob_can/share/swrob_can/package.ps1'
[20.856s] INFO:colcon.colcon_core.shell:Creating package descriptor '/home/peng/swrob_ws/install/swrob_can/share/swrob_can/package.dsv'
[20.893s] INFO:colcon.colcon_core.shell:Creating package script '/home/peng/swrob_ws/install/swrob_can/share/swrob_can/package.sh'
[20.896s] INFO:colcon.colcon_core.shell:Creating package script '/home/peng/swrob_ws/install/swrob_can/share/swrob_can/package.bash'
[20.971s] INFO:colcon.colcon_core.shell:Creating package script '/home/peng/swrob_ws/install/swrob_can/share/swrob_can/package.zsh'
[20.999s] Level 1:colcon.colcon_core.environment:create_file_with_runtime_dependencies(/home/peng/swrob_ws/install/swrob_can/share/colcon-core/packages/swrob_can)
[21.000s] DEBUG:colcon.colcon_parallel_executor.executor.parallel:closing loop
[21.000s] DEBUG:colcon.colcon_parallel_executor.executor.parallel:loop closed
[21.000s] DEBUG:colcon.colcon_parallel_executor.executor.parallel:run_until_complete finished with '0'
[21.000s] DEBUG:colcon.colcon_core.event_reactor:joining thread
[21.070s] INFO:colcon.colcon_core.plugin_system:Skipping extension 'colcon_notification.desktop_notification.terminal_notifier': Not used on non-Darwin systems
[21.070s] INFO:colcon.colcon_core.plugin_system:Skipping extension 'colcon_notification.desktop_notification.win32': Not used on non-Windows systems
[21.070s] INFO:colcon.colcon_notification.desktop_notification:Sending desktop notification using 'notify2'
[21.095s] DEBUG:colcon.colcon_core.event_reactor:joined thread
[21.096s] INFO:colcon.colcon_core.shell:Creating prefix script '/home/peng/swrob_ws/install/local_setup.ps1'
[21.133s] INFO:colcon.colcon_core.shell:Creating prefix util module '/home/peng/swrob_ws/install/_local_setup_util_ps1.py'
[21.185s] INFO:colcon.colcon_core.shell:Creating prefix chain script '/home/peng/swrob_ws/install/setup.ps1'
[21.186s] INFO:colcon.colcon_core.shell:Creating prefix script '/home/peng/swrob_ws/install/local_setup.sh'
[21.225s] INFO:colcon.colcon_core.shell:Creating prefix util module '/home/peng/swrob_ws/install/_local_setup_util_sh.py'
[21.227s] INFO:colcon.colcon_core.shell:Creating prefix chain script '/home/peng/swrob_ws/install/setup.sh'
[21.230s] INFO:colcon.colcon_core.shell:Creating prefix script '/home/peng/swrob_ws/install/local_setup.bash'
[21.269s] INFO:colcon.colcon_core.shell:Creating prefix chain script '/home/peng/swrob_ws/install/setup.bash'
[21.272s] INFO:colcon.colcon_core.shell:Creating prefix script '/home/peng/swrob_ws/install/local_setup.zsh'
[21.321s] INFO:colcon.colcon_core.shell:Creating prefix chain script '/home/peng/swrob_ws/install/setup.zsh'
