[0.780s] Invoking command in '/home/lyx/Desktop/pc/SideWalkrobot_CAN/src/swrob_can': PYTHONPATH=/home/lyx/Desktop/pc/SideWalkrobot_CAN/install/swrob_can/lib/python3.10/site-packages:${PYTHONPATH} /usr/bin/python3 setup.py egg_info --egg-base ../../build/swrob_can build --build-base /home/lyx/Desktop/pc/SideWalkrobot_CAN/build/swrob_can/build install --prefix /home/lyx/Desktop/pc/SideWalkrobot_CAN/install/swrob_can --record /home/lyx/Desktop/pc/SideWalkrobot_CAN/build/swrob_can/install.log --single-version-externally-managed
[1.079s] running egg_info
[1.081s] writing ../../build/swrob_can/swrob_can.egg-info/PKG-INFO
[1.081s] writing dependency_links to ../../build/swrob_can/swrob_can.egg-info/dependency_links.txt
[1.082s] writing entry points to ../../build/swrob_can/swrob_can.egg-info/entry_points.txt
[1.083s] writing requirements to ../../build/swrob_can/swrob_can.egg-info/requires.txt
[1.083s] writing top-level names to ../../build/swrob_can/swrob_can.egg-info/top_level.txt
[1.091s] reading manifest file '../../build/swrob_can/swrob_can.egg-info/SOURCES.txt'
[1.092s] writing manifest file '../../build/swrob_can/swrob_can.egg-info/SOURCES.txt'
[1.103s] running build
[1.103s] running build_py
[1.104s] copying swrob_can/canbus.py -> /home/lyx/Desktop/pc/SideWalkrobot_CAN/build/swrob_can/build/lib/swrob_can
[1.105s] running install
[1.105s] running install_lib
[1.106s] copying /home/lyx/Desktop/pc/SideWalkrobot_CAN/build/swrob_can/build/lib/swrob_can/canbus.py -> /home/lyx/Desktop/pc/SideWalkrobot_CAN/install/swrob_can/lib/python3.10/site-packages/swrob_can
[1.116s] byte-compiling /home/lyx/Desktop/pc/SideWalkrobot_CAN/install/swrob_can/lib/python3.10/site-packages/swrob_can/canbus.py to canbus.cpython-310.pyc
[1.117s] running install_data
[1.118s] running install_egg_info
[1.120s] removing '/home/lyx/Desktop/pc/SideWalkrobot_CAN/install/swrob_can/lib/python3.10/site-packages/swrob_can-0.0.0-py3.10.egg-info' (and everything under it)
[1.133s] Copying ../../build/swrob_can/swrob_can.egg-info to /home/lyx/Desktop/pc/SideWalkrobot_CAN/install/swrob_can/lib/python3.10/site-packages/swrob_can-0.0.0-py3.10.egg-info
[1.135s] running install_scripts
[1.157s] Installing canbus_node script to /home/lyx/Desktop/pc/SideWalkrobot_CAN/install/swrob_can/lib/swrob_can
[1.158s] writing list of installed files to '/home/lyx/Desktop/pc/SideWalkrobot_CAN/build/swrob_can/install.log'
[1.194s] Invoked command in '/home/lyx/Desktop/pc/SideWalkrobot_CAN/src/swrob_can' returned '0': PYTHONPATH=/home/lyx/Desktop/pc/SideWalkrobot_CAN/install/swrob_can/lib/python3.10/site-packages:${PYTHONPATH} /usr/bin/python3 setup.py egg_info --egg-base ../../build/swrob_can build --build-base /home/lyx/Desktop/pc/SideWalkrobot_CAN/build/swrob_can/build install --prefix /home/lyx/Desktop/pc/SideWalkrobot_CAN/install/swrob_can --record /home/lyx/Desktop/pc/SideWalkrobot_CAN/build/swrob_can/install.log --single-version-externally-managed
