[4.903s] Invoking command in '/home/peng/swrob_ws/src/swrob_can': PYTHONPATH=/home/peng/swrob_ws/install/swrob_can/lib/python3.10/site-packages: /usr/bin/python3 setup.py egg_info --egg-base ../../build/swrob_can build --build-base /home/peng/swrob_ws/build/swrob_can/build install --prefix /home/peng/swrob_ws/install/swrob_can --record /home/peng/swrob_ws/build/swrob_can/install.log --single-version-externally-managed
[5.082s] running egg_info
[5.083s] writing ../../build/swrob_can/swrob_can.egg-info/PKG-INFO
[5.083s] writing dependency_links to ../../build/swrob_can/swrob_can.egg-info/dependency_links.txt
[5.083s] writing entry points to ../../build/swrob_can/swrob_can.egg-info/entry_points.txt
[5.083s] writing requirements to ../../build/swrob_can/swrob_can.egg-info/requires.txt
[5.083s] writing top-level names to ../../build/swrob_can/swrob_can.egg-info/top_level.txt
[5.232s] reading manifest file '../../build/swrob_can/swrob_can.egg-info/SOURCES.txt'
[5.259s] writing manifest file '../../build/swrob_can/swrob_can.egg-info/SOURCES.txt'
[5.259s] running build
[5.259s] running build_py
[5.259s] copying swrob_can/canbus.py -> /home/peng/swrob_ws/build/swrob_can/build/lib/swrob_can
[5.260s] running install
[5.260s] running install_lib
[5.261s] copying /home/peng/swrob_ws/build/swrob_can/build/lib/swrob_can/canbus.py -> /home/peng/swrob_ws/install/swrob_can/lib/python3.10/site-packages/swrob_can
[5.261s] byte-compiling /home/peng/swrob_ws/install/swrob_can/lib/python3.10/site-packages/swrob_can/canbus.py to canbus.cpython-310.pyc
[5.261s] running install_data
[5.262s] running install_egg_info
[5.263s] removing '/home/peng/swrob_ws/install/swrob_can/lib/python3.10/site-packages/swrob_can-0.0.0-py3.10.egg-info' (and everything under it)
[5.263s] Copying ../../build/swrob_can/swrob_can.egg-info to /home/peng/swrob_ws/install/swrob_can/lib/python3.10/site-packages/swrob_can-0.0.0-py3.10.egg-info
[5.306s] running install_scripts
[5.329s] Installing canbus_node script to /home/peng/swrob_ws/install/swrob_can/lib/swrob_can
[5.330s] writing list of installed files to '/home/peng/swrob_ws/build/swrob_can/install.log'
[5.351s] Invoked command in '/home/peng/swrob_ws/src/swrob_can' returned '0': PYTHONPATH=/home/peng/swrob_ws/install/swrob_can/lib/python3.10/site-packages: /usr/bin/python3 setup.py egg_info --egg-base ../../build/swrob_can build --build-base /home/peng/swrob_ws/build/swrob_can/build install --prefix /home/peng/swrob_ws/install/swrob_can --record /home/peng/swrob_ws/build/swrob_can/install.log --single-version-externally-managed
