/home/lyx/Desktop/pc/SideWalkrobot_CAN/install/swrob_can/lib/python3.10/site-packages/swrob_can/canbus.py
/home/lyx/Desktop/pc/SideWalkrobot_CAN/install/swrob_can/lib/python3.10/site-packages/swrob_can/CAN_Recv.py
/home/lyx/Desktop/pc/SideWalkrobot_CAN/install/swrob_can/lib/python3.10/site-packages/swrob_can/CAN_Send.py
/home/lyx/Desktop/pc/SideWalkrobot_CAN/install/swrob_can/lib/python3.10/site-packages/swrob_can/Monitor.py
/home/lyx/Desktop/pc/SideWalkrobot_CAN/install/swrob_can/lib/python3.10/site-packages/swrob_can/__init__.py
/home/lyx/Desktop/pc/SideWalkrobot_CAN/install/swrob_can/lib/python3.10/site-packages/swrob_can/__pycache__/canbus.cpython-310.pyc
/home/lyx/Desktop/pc/SideWalkrobot_CAN/install/swrob_can/lib/python3.10/site-packages/swrob_can/__pycache__/CAN_Recv.cpython-310.pyc
/home/lyx/Desktop/pc/SideWalkrobot_CAN/install/swrob_can/lib/python3.10/site-packages/swrob_can/__pycache__/CAN_Send.cpython-310.pyc
/home/lyx/Desktop/pc/SideWalkrobot_CAN/install/swrob_can/lib/python3.10/site-packages/swrob_can/__pycache__/Monitor.cpython-310.pyc
/home/lyx/Desktop/pc/SideWalkrobot_CAN/install/swrob_can/lib/python3.10/site-packages/swrob_can/__pycache__/__init__.cpython-310.pyc
/home/lyx/Desktop/pc/SideWalkrobot_CAN/install/swrob_can/share/ament_index/resource_index/packages/swrob_can
/home/lyx/Desktop/pc/SideWalkrobot_CAN/install/swrob_can/share/swrob_can/package.xml
/home/lyx/Desktop/pc/SideWalkrobot_CAN/install/swrob_can/lib/python3.10/site-packages/swrob_can-0.0.0-py3.10.egg-info/dependency_links.txt
/home/lyx/Desktop/pc/SideWalkrobot_CAN/install/swrob_can/lib/python3.10/site-packages/swrob_can-0.0.0-py3.10.egg-info/requires.txt
/home/lyx/Desktop/pc/SideWalkrobot_CAN/install/swrob_can/lib/python3.10/site-packages/swrob_can-0.0.0-py3.10.egg-info/top_level.txt
/home/lyx/Desktop/pc/SideWalkrobot_CAN/install/swrob_can/lib/python3.10/site-packages/swrob_can-0.0.0-py3.10.egg-info/PKG-INFO
/home/lyx/Desktop/pc/SideWalkrobot_CAN/install/swrob_can/lib/python3.10/site-packages/swrob_can-0.0.0-py3.10.egg-info/zip-safe
/home/lyx/Desktop/pc/SideWalkrobot_CAN/install/swrob_can/lib/python3.10/site-packages/swrob_can-0.0.0-py3.10.egg-info/entry_points.txt
/home/lyx/Desktop/pc/SideWalkrobot_CAN/install/swrob_can/lib/python3.10/site-packages/swrob_can-0.0.0-py3.10.egg-info/SOURCES.txt
/home/lyx/Desktop/pc/SideWalkrobot_CAN/install/swrob_can/lib/swrob_can/canbus_node
