[  9%] Built target can_interfaces__rosidl_generator_c
[ 12%] Built target can_interfaces__cpp
[ 12%] Built target ament_cmake_python_copy_can_interfaces
[ 22%] Built target can_interfaces__rosidl_typesupport_introspection_c
[ 32%] Built target can_interfaces__rosidl_typesupport_c
[ 41%] Built target can_interfaces__rosidl_typesupport_introspection_cpp
[ 51%] Built target can_interfaces__rosidl_typesupport_cpp
[ 61%] Built target can_interfaces__rosidl_typesupport_fastrtps_c
[ 70%] Built target can_interfaces__rosidl_typesupport_fastrtps_cpp
[ 70%] Built target can_interfaces
[ 74%] Built target can_interfaces__py
[ 80%] Built target can_interfaces__rosidl_generator_py
[ 87%] Built target can_interfaces__rosidl_typesupport_fastrtps_c__pyext
[ 93%] Built target can_interfaces__rosidl_typesupport_introspection_c__pyext
[100%] Built target can_interfaces__rosidl_typesupport_c__pyext
running egg_info
writing can_interfaces.egg-info/PKG-INFO
writing dependency_links to can_interfaces.egg-info/dependency_links.txt
writing top-level names to can_interfaces.egg-info/top_level.txt
reading manifest file 'can_interfaces.egg-info/SOURCES.txt'
writing manifest file 'can_interfaces.egg-info/SOURCES.txt'
[100%] Built target ament_cmake_python_build_can_interfaces_egg
-- Install configuration: ""
-- Up-to-date: /home/lyx/Desktop/pc/SideWalkrobot_CAN/install/can_interfaces/share/ament_index/resource_index/rosidl_interfaces/can_interfaces
-- Up-to-date: /home/lyx/Desktop/pc/SideWalkrobot_CAN/install/can_interfaces/include/can_interfaces/can_interfaces
-- Up-to-date: /home/lyx/Desktop/pc/SideWalkrobot_CAN/install/can_interfaces/include/can_interfaces/can_interfaces/msg
-- Up-to-date: /home/lyx/Desktop/pc/SideWalkrobot_CAN/install/can_interfaces/include/can_interfaces/can_interfaces/msg/can.h
-- Up-to-date: /home/lyx/Desktop/pc/SideWalkrobot_CAN/install/can_interfaces/include/can_interfaces/can_interfaces/msg/detail
-- Up-to-date: /home/lyx/Desktop/pc/SideWalkrobot_CAN/install/can_interfaces/include/can_interfaces/can_interfaces/msg/detail/can__struct.h
-- Up-to-date: /home/lyx/Desktop/pc/SideWalkrobot_CAN/install/can_interfaces/include/can_interfaces/can_interfaces/msg/detail/can__type_support.h
-- Up-to-date: /home/lyx/Desktop/pc/SideWalkrobot_CAN/install/can_interfaces/include/can_interfaces/can_interfaces/msg/detail/can__functions.h
-- Up-to-date: /home/lyx/Desktop/pc/SideWalkrobot_CAN/install/can_interfaces/include/can_interfaces/can_interfaces/msg/detail/can__functions.c
-- Up-to-date: /home/lyx/Desktop/pc/SideWalkrobot_CAN/install/can_interfaces/include/can_interfaces/can_interfaces/msg/rosidl_generator_c__visibility_control.h
-- Up-to-date: /home/lyx/Desktop/pc/SideWalkrobot_CAN/install/can_interfaces/share/can_interfaces/environment/library_path.sh
-- Up-to-date: /home/lyx/Desktop/pc/SideWalkrobot_CAN/install/can_interfaces/share/can_interfaces/environment/library_path.dsv
-- Up-to-date: /home/lyx/Desktop/pc/SideWalkrobot_CAN/install/can_interfaces/lib/libcan_interfaces__rosidl_generator_c.so
-- Up-to-date: /home/lyx/Desktop/pc/SideWalkrobot_CAN/install/can_interfaces/include/can_interfaces/can_interfaces
-- Up-to-date: /home/lyx/Desktop/pc/SideWalkrobot_CAN/install/can_interfaces/include/can_interfaces/can_interfaces/msg
-- Up-to-date: /home/lyx/Desktop/pc/SideWalkrobot_CAN/install/can_interfaces/include/can_interfaces/can_interfaces/msg/detail
-- Up-to-date: /home/lyx/Desktop/pc/SideWalkrobot_CAN/install/can_interfaces/include/can_interfaces/can_interfaces/msg/detail/can__rosidl_typesupport_fastrtps_c.h
-- Up-to-date: /home/lyx/Desktop/pc/SideWalkrobot_CAN/install/can_interfaces/include/can_interfaces/can_interfaces/msg/rosidl_typesupport_fastrtps_c__visibility_control.h
-- Up-to-date: /home/lyx/Desktop/pc/SideWalkrobot_CAN/install/can_interfaces/lib/libcan_interfaces__rosidl_typesupport_fastrtps_c.so
-- Up-to-date: /home/lyx/Desktop/pc/SideWalkrobot_CAN/install/can_interfaces/include/can_interfaces/can_interfaces
-- Up-to-date: /home/lyx/Desktop/pc/SideWalkrobot_CAN/install/can_interfaces/include/can_interfaces/can_interfaces/msg
-- Up-to-date: /home/lyx/Desktop/pc/SideWalkrobot_CAN/install/can_interfaces/include/can_interfaces/can_interfaces/msg/can.hpp
-- Up-to-date: /home/lyx/Desktop/pc/SideWalkrobot_CAN/install/can_interfaces/include/can_interfaces/can_interfaces/msg/detail
-- Up-to-date: /home/lyx/Desktop/pc/SideWalkrobot_CAN/install/can_interfaces/include/can_interfaces/can_interfaces/msg/detail/can__struct.hpp
-- Up-to-date: /home/lyx/Desktop/pc/SideWalkrobot_CAN/install/can_interfaces/include/can_interfaces/can_interfaces/msg/detail/can__traits.hpp
-- Up-to-date: /home/lyx/Desktop/pc/SideWalkrobot_CAN/install/can_interfaces/include/can_interfaces/can_interfaces/msg/detail/can__builder.hpp
-- Up-to-date: /home/lyx/Desktop/pc/SideWalkrobot_CAN/install/can_interfaces/include/can_interfaces/can_interfaces
-- Up-to-date: /home/lyx/Desktop/pc/SideWalkrobot_CAN/install/can_interfaces/include/can_interfaces/can_interfaces/msg
-- Up-to-date: /home/lyx/Desktop/pc/SideWalkrobot_CAN/install/can_interfaces/include/can_interfaces/can_interfaces/msg/detail
-- Up-to-date: /home/lyx/Desktop/pc/SideWalkrobot_CAN/install/can_interfaces/include/can_interfaces/can_interfaces/msg/detail/dds_fastrtps
-- Up-to-date: /home/lyx/Desktop/pc/SideWalkrobot_CAN/install/can_interfaces/include/can_interfaces/can_interfaces/msg/detail/can__rosidl_typesupport_fastrtps_cpp.hpp
-- Up-to-date: /home/lyx/Desktop/pc/SideWalkrobot_CAN/install/can_interfaces/include/can_interfaces/can_interfaces/msg/rosidl_typesupport_fastrtps_cpp__visibility_control.h
-- Up-to-date: /home/lyx/Desktop/pc/SideWalkrobot_CAN/install/can_interfaces/lib/libcan_interfaces__rosidl_typesupport_fastrtps_cpp.so
-- Up-to-date: /home/lyx/Desktop/pc/SideWalkrobot_CAN/install/can_interfaces/include/can_interfaces/can_interfaces
-- Up-to-date: /home/lyx/Desktop/pc/SideWalkrobot_CAN/install/can_interfaces/include/can_interfaces/can_interfaces/msg
-- Up-to-date: /home/lyx/Desktop/pc/SideWalkrobot_CAN/install/can_interfaces/include/can_interfaces/can_interfaces/msg/detail
-- Up-to-date: /home/lyx/Desktop/pc/SideWalkrobot_CAN/install/can_interfaces/include/can_interfaces/can_interfaces/msg/detail/can__type_support.c
-- Up-to-date: /home/lyx/Desktop/pc/SideWalkrobot_CAN/install/can_interfaces/include/can_interfaces/can_interfaces/msg/detail/can__rosidl_typesupport_introspection_c.h
-- Up-to-date: /home/lyx/Desktop/pc/SideWalkrobot_CAN/install/can_interfaces/include/can_interfaces/can_interfaces/msg/rosidl_typesupport_introspection_c__visibility_control.h
-- Up-to-date: /home/lyx/Desktop/pc/SideWalkrobot_CAN/install/can_interfaces/lib/libcan_interfaces__rosidl_typesupport_introspection_c.so
-- Up-to-date: /home/lyx/Desktop/pc/SideWalkrobot_CAN/install/can_interfaces/lib/libcan_interfaces__rosidl_typesupport_c.so
-- Up-to-date: /home/lyx/Desktop/pc/SideWalkrobot_CAN/install/can_interfaces/include/can_interfaces/can_interfaces
-- Up-to-date: /home/lyx/Desktop/pc/SideWalkrobot_CAN/install/can_interfaces/include/can_interfaces/can_interfaces/msg
-- Up-to-date: /home/lyx/Desktop/pc/SideWalkrobot_CAN/install/can_interfaces/include/can_interfaces/can_interfaces/msg/detail
-- Up-to-date: /home/lyx/Desktop/pc/SideWalkrobot_CAN/install/can_interfaces/include/can_interfaces/can_interfaces/msg/detail/can__type_support.cpp
-- Up-to-date: /home/lyx/Desktop/pc/SideWalkrobot_CAN/install/can_interfaces/include/can_interfaces/can_interfaces/msg/detail/can__rosidl_typesupport_introspection_cpp.hpp
-- Up-to-date: /home/lyx/Desktop/pc/SideWalkrobot_CAN/install/can_interfaces/lib/libcan_interfaces__rosidl_typesupport_introspection_cpp.so
-- Up-to-date: /home/lyx/Desktop/pc/SideWalkrobot_CAN/install/can_interfaces/lib/libcan_interfaces__rosidl_typesupport_cpp.so
-- Up-to-date: /home/lyx/Desktop/pc/SideWalkrobot_CAN/install/can_interfaces/share/can_interfaces/environment/pythonpath.sh
-- Up-to-date: /home/lyx/Desktop/pc/SideWalkrobot_CAN/install/can_interfaces/share/can_interfaces/environment/pythonpath.dsv
-- Up-to-date: /home/lyx/Desktop/pc/SideWalkrobot_CAN/install/can_interfaces/local/lib/python3.10/dist-packages/can_interfaces-0.0.0-py3.10.egg-info
-- Installing: /home/lyx/Desktop/pc/SideWalkrobot_CAN/install/can_interfaces/local/lib/python3.10/dist-packages/can_interfaces-0.0.0-py3.10.egg-info/dependency_links.txt
-- Installing: /home/lyx/Desktop/pc/SideWalkrobot_CAN/install/can_interfaces/local/lib/python3.10/dist-packages/can_interfaces-0.0.0-py3.10.egg-info/top_level.txt
-- Installing: /home/lyx/Desktop/pc/SideWalkrobot_CAN/install/can_interfaces/local/lib/python3.10/dist-packages/can_interfaces-0.0.0-py3.10.egg-info/PKG-INFO
-- Installing: /home/lyx/Desktop/pc/SideWalkrobot_CAN/install/can_interfaces/local/lib/python3.10/dist-packages/can_interfaces-0.0.0-py3.10.egg-info/SOURCES.txt
-- Up-to-date: /home/lyx/Desktop/pc/SideWalkrobot_CAN/install/can_interfaces/local/lib/python3.10/dist-packages/can_interfaces
-- Up-to-date: /home/lyx/Desktop/pc/SideWalkrobot_CAN/install/can_interfaces/local/lib/python3.10/dist-packages/can_interfaces/msg
-- Up-to-date: /home/lyx/Desktop/pc/SideWalkrobot_CAN/install/can_interfaces/local/lib/python3.10/dist-packages/can_interfaces/msg/_can.py
-- Up-to-date: /home/lyx/Desktop/pc/SideWalkrobot_CAN/install/can_interfaces/local/lib/python3.10/dist-packages/can_interfaces/msg/_can_s.c
-- Up-to-date: /home/lyx/Desktop/pc/SideWalkrobot_CAN/install/can_interfaces/local/lib/python3.10/dist-packages/can_interfaces/msg/__init__.py
-- Up-to-date: /home/lyx/Desktop/pc/SideWalkrobot_CAN/install/can_interfaces/local/lib/python3.10/dist-packages/can_interfaces/_can_interfaces_s.ep.rosidl_typesupport_fastrtps_c.c
-- Up-to-date: /home/lyx/Desktop/pc/SideWalkrobot_CAN/install/can_interfaces/local/lib/python3.10/dist-packages/can_interfaces/_can_interfaces_s.ep.rosidl_typesupport_introspection_c.c
-- Up-to-date: /home/lyx/Desktop/pc/SideWalkrobot_CAN/install/can_interfaces/local/lib/python3.10/dist-packages/can_interfaces/can_interfaces_s__rosidl_typesupport_introspection_c.cpython-310-x86_64-linux-gnu.so
-- Up-to-date: /home/lyx/Desktop/pc/SideWalkrobot_CAN/install/can_interfaces/local/lib/python3.10/dist-packages/can_interfaces/_can_interfaces_s.ep.rosidl_typesupport_c.c
-- Up-to-date: /home/lyx/Desktop/pc/SideWalkrobot_CAN/install/can_interfaces/local/lib/python3.10/dist-packages/can_interfaces/can_interfaces_s__rosidl_typesupport_c.cpython-310-x86_64-linux-gnu.so
-- Up-to-date: /home/lyx/Desktop/pc/SideWalkrobot_CAN/install/can_interfaces/local/lib/python3.10/dist-packages/can_interfaces/can_interfaces_s__rosidl_typesupport_fastrtps_c.cpython-310-x86_64-linux-gnu.so
-- Up-to-date: /home/lyx/Desktop/pc/SideWalkrobot_CAN/install/can_interfaces/local/lib/python3.10/dist-packages/can_interfaces/__init__.py
-- Up-to-date: /home/lyx/Desktop/pc/SideWalkrobot_CAN/install/can_interfaces/local/lib/python3.10/dist-packages/can_interfaces/libcan_interfaces__rosidl_generator_py.so
Listing '/home/lyx/Desktop/pc/SideWalkrobot_CAN/install/can_interfaces/local/lib/python3.10/dist-packages/can_interfaces'...
Listing '/home/lyx/Desktop/pc/SideWalkrobot_CAN/install/can_interfaces/local/lib/python3.10/dist-packages/can_interfaces/msg'...
-- Up-to-date: /home/lyx/Desktop/pc/SideWalkrobot_CAN/install/can_interfaces/local/lib/python3.10/dist-packages/can_interfaces/can_interfaces_s__rosidl_typesupport_fastrtps_c.cpython-310-x86_64-linux-gnu.so
-- Up-to-date: /home/lyx/Desktop/pc/SideWalkrobot_CAN/install/can_interfaces/local/lib/python3.10/dist-packages/can_interfaces/can_interfaces_s__rosidl_typesupport_introspection_c.cpython-310-x86_64-linux-gnu.so
-- Up-to-date: /home/lyx/Desktop/pc/SideWalkrobot_CAN/install/can_interfaces/local/lib/python3.10/dist-packages/can_interfaces/can_interfaces_s__rosidl_typesupport_c.cpython-310-x86_64-linux-gnu.so
-- Up-to-date: /home/lyx/Desktop/pc/SideWalkrobot_CAN/install/can_interfaces/lib/libcan_interfaces__rosidl_generator_py.so
-- Up-to-date: /home/lyx/Desktop/pc/SideWalkrobot_CAN/install/can_interfaces/share/can_interfaces/msg/Can.idl
-- Up-to-date: /home/lyx/Desktop/pc/SideWalkrobot_CAN/install/can_interfaces/share/can_interfaces/msg/Can.msg
-- Up-to-date: /home/lyx/Desktop/pc/SideWalkrobot_CAN/install/can_interfaces/share/ament_index/resource_index/package_run_dependencies/can_interfaces
-- Up-to-date: /home/lyx/Desktop/pc/SideWalkrobot_CAN/install/can_interfaces/share/ament_index/resource_index/parent_prefix_path/can_interfaces
-- Up-to-date: /home/lyx/Desktop/pc/SideWalkrobot_CAN/install/can_interfaces/share/can_interfaces/environment/ament_prefix_path.sh
-- Up-to-date: /home/lyx/Desktop/pc/SideWalkrobot_CAN/install/can_interfaces/share/can_interfaces/environment/ament_prefix_path.dsv
-- Up-to-date: /home/lyx/Desktop/pc/SideWalkrobot_CAN/install/can_interfaces/share/can_interfaces/environment/path.sh
-- Up-to-date: /home/lyx/Desktop/pc/SideWalkrobot_CAN/install/can_interfaces/share/can_interfaces/environment/path.dsv
-- Up-to-date: /home/lyx/Desktop/pc/SideWalkrobot_CAN/install/can_interfaces/share/can_interfaces/local_setup.bash
-- Up-to-date: /home/lyx/Desktop/pc/SideWalkrobot_CAN/install/can_interfaces/share/can_interfaces/local_setup.sh
-- Up-to-date: /home/lyx/Desktop/pc/SideWalkrobot_CAN/install/can_interfaces/share/can_interfaces/local_setup.zsh
-- Up-to-date: /home/lyx/Desktop/pc/SideWalkrobot_CAN/install/can_interfaces/share/can_interfaces/local_setup.dsv
-- Installing: /home/lyx/Desktop/pc/SideWalkrobot_CAN/install/can_interfaces/share/can_interfaces/package.dsv
-- Up-to-date: /home/lyx/Desktop/pc/SideWalkrobot_CAN/install/can_interfaces/share/ament_index/resource_index/packages/can_interfaces
-- Up-to-date: /home/lyx/Desktop/pc/SideWalkrobot_CAN/install/can_interfaces/share/can_interfaces/cmake/export_can_interfaces__rosidl_generator_cExport.cmake
-- Up-to-date: /home/lyx/Desktop/pc/SideWalkrobot_CAN/install/can_interfaces/share/can_interfaces/cmake/export_can_interfaces__rosidl_generator_cExport-noconfig.cmake
-- Up-to-date: /home/lyx/Desktop/pc/SideWalkrobot_CAN/install/can_interfaces/share/can_interfaces/cmake/export_can_interfaces__rosidl_typesupport_fastrtps_cExport.cmake
-- Up-to-date: /home/lyx/Desktop/pc/SideWalkrobot_CAN/install/can_interfaces/share/can_interfaces/cmake/export_can_interfaces__rosidl_typesupport_fastrtps_cExport-noconfig.cmake
-- Up-to-date: /home/lyx/Desktop/pc/SideWalkrobot_CAN/install/can_interfaces/share/can_interfaces/cmake/export_can_interfaces__rosidl_generator_cppExport.cmake
-- Up-to-date: /home/lyx/Desktop/pc/SideWalkrobot_CAN/install/can_interfaces/share/can_interfaces/cmake/export_can_interfaces__rosidl_typesupport_fastrtps_cppExport.cmake
-- Up-to-date: /home/lyx/Desktop/pc/SideWalkrobot_CAN/install/can_interfaces/share/can_interfaces/cmake/export_can_interfaces__rosidl_typesupport_fastrtps_cppExport-noconfig.cmake
-- Up-to-date: /home/lyx/Desktop/pc/SideWalkrobot_CAN/install/can_interfaces/share/can_interfaces/cmake/can_interfaces__rosidl_typesupport_introspection_cExport.cmake
-- Up-to-date: /home/lyx/Desktop/pc/SideWalkrobot_CAN/install/can_interfaces/share/can_interfaces/cmake/can_interfaces__rosidl_typesupport_introspection_cExport-noconfig.cmake
-- Up-to-date: /home/lyx/Desktop/pc/SideWalkrobot_CAN/install/can_interfaces/share/can_interfaces/cmake/can_interfaces__rosidl_typesupport_cExport.cmake
-- Up-to-date: /home/lyx/Desktop/pc/SideWalkrobot_CAN/install/can_interfaces/share/can_interfaces/cmake/can_interfaces__rosidl_typesupport_cExport-noconfig.cmake
-- Up-to-date: /home/lyx/Desktop/pc/SideWalkrobot_CAN/install/can_interfaces/share/can_interfaces/cmake/can_interfaces__rosidl_typesupport_introspection_cppExport.cmake
-- Up-to-date: /home/lyx/Desktop/pc/SideWalkrobot_CAN/install/can_interfaces/share/can_interfaces/cmake/can_interfaces__rosidl_typesupport_introspection_cppExport-noconfig.cmake
-- Up-to-date: /home/lyx/Desktop/pc/SideWalkrobot_CAN/install/can_interfaces/share/can_interfaces/cmake/can_interfaces__rosidl_typesupport_cppExport.cmake
-- Up-to-date: /home/lyx/Desktop/pc/SideWalkrobot_CAN/install/can_interfaces/share/can_interfaces/cmake/can_interfaces__rosidl_typesupport_cppExport-noconfig.cmake
-- Up-to-date: /home/lyx/Desktop/pc/SideWalkrobot_CAN/install/can_interfaces/share/can_interfaces/cmake/export_can_interfaces__rosidl_generator_pyExport.cmake
-- Up-to-date: /home/lyx/Desktop/pc/SideWalkrobot_CAN/install/can_interfaces/share/can_interfaces/cmake/export_can_interfaces__rosidl_generator_pyExport-noconfig.cmake
-- Up-to-date: /home/lyx/Desktop/pc/SideWalkrobot_CAN/install/can_interfaces/share/can_interfaces/cmake/rosidl_cmake-extras.cmake
-- Up-to-date: /home/lyx/Desktop/pc/SideWalkrobot_CAN/install/can_interfaces/share/can_interfaces/cmake/ament_cmake_export_dependencies-extras.cmake
-- Up-to-date: /home/lyx/Desktop/pc/SideWalkrobot_CAN/install/can_interfaces/share/can_interfaces/cmake/ament_cmake_export_include_directories-extras.cmake
-- Up-to-date: /home/lyx/Desktop/pc/SideWalkrobot_CAN/install/can_interfaces/share/can_interfaces/cmake/ament_cmake_export_libraries-extras.cmake
-- Up-to-date: /home/lyx/Desktop/pc/SideWalkrobot_CAN/install/can_interfaces/share/can_interfaces/cmake/ament_cmake_export_targets-extras.cmake
-- Up-to-date: /home/lyx/Desktop/pc/SideWalkrobot_CAN/install/can_interfaces/share/can_interfaces/cmake/rosidl_cmake_export_typesupport_targets-extras.cmake
-- Up-to-date: /home/lyx/Desktop/pc/SideWalkrobot_CAN/install/can_interfaces/share/can_interfaces/cmake/rosidl_cmake_export_typesupport_libraries-extras.cmake
-- Up-to-date: /home/lyx/Desktop/pc/SideWalkrobot_CAN/install/can_interfaces/share/can_interfaces/cmake/can_interfacesConfig.cmake
-- Up-to-date: /home/lyx/Desktop/pc/SideWalkrobot_CAN/install/can_interfaces/share/can_interfaces/cmake/can_interfacesConfig-version.cmake
-- Up-to-date: /home/lyx/Desktop/pc/SideWalkrobot_CAN/install/can_interfaces/share/can_interfaces/package.xml
