[0.012s] Invoking command in '/home/lyx/Desktop/pc/SideWalkrobot_CAN/build/can_interfaces': CMAKE_PREFIX_PATH=${CMAKE_PREFIX_PATH}:/home/lyx/Desktop/pc/SideWalkrobot_CAN/install/swrob_can:/opt/ros/humble /home/lyx/.local/bin/cmake --build /home/lyx/Desktop/pc/SideWalkrobot_CAN/build/can_interfaces -- -j2 -l2
[0.055s] [  9%] Built target can_interfaces__rosidl_generator_c
[0.057s] [ 12%] Built target can_interfaces__cpp
[0.074s] [ 12%] Built target ament_cmake_python_copy_can_interfaces
[0.077s] [ 22%] Built target can_interfaces__rosidl_typesupport_introspection_c
[0.088s] [ 32%] Built target can_interfaces__rosidl_typesupport_c
[0.090s] [ 41%] Built target can_interfaces__rosidl_typesupport_introspection_cpp
[0.101s] [ 51%] Built target can_interfaces__rosidl_typesupport_cpp
[0.105s] [ 61%] Built target can_interfaces__rosidl_typesupport_fastrtps_c
[0.122s] [ 70%] Built target can_interfaces__rosidl_typesupport_fastrtps_cpp
[0.122s] [ 70%] Built target can_interfaces
[0.131s] [ 74%] Built target can_interfaces__py
[0.141s] [ 80%] Built target can_interfaces__rosidl_generator_py
[0.141s] [ 87%] Built target can_interfaces__rosidl_typesupport_fastrtps_c__pyext
[0.160s] [ 93%] Built target can_interfaces__rosidl_typesupport_introspection_c__pyext
[0.180s] [100%] Built target can_interfaces__rosidl_typesupport_c__pyext
[0.412s] running egg_info
[0.413s] writing can_interfaces.egg-info/PKG-INFO
[0.414s] writing dependency_links to can_interfaces.egg-info/dependency_links.txt
[0.414s] writing top-level names to can_interfaces.egg-info/top_level.txt
[0.416s] reading manifest file 'can_interfaces.egg-info/SOURCES.txt'
[0.416s] writing manifest file 'can_interfaces.egg-info/SOURCES.txt'
[0.437s] [100%] Built target ament_cmake_python_build_can_interfaces_egg
[0.446s] Invoked command in '/home/lyx/Desktop/pc/SideWalkrobot_CAN/build/can_interfaces' returned '0': CMAKE_PREFIX_PATH=${CMAKE_PREFIX_PATH}:/home/lyx/Desktop/pc/SideWalkrobot_CAN/install/swrob_can:/opt/ros/humble /home/lyx/.local/bin/cmake --build /home/lyx/Desktop/pc/SideWalkrobot_CAN/build/can_interfaces -- -j2 -l2
[0.632s] Invoking command in '/home/lyx/Desktop/pc/SideWalkrobot_CAN/build/can_interfaces': CMAKE_PREFIX_PATH=${CMAKE_PREFIX_PATH}:/home/lyx/Desktop/pc/SideWalkrobot_CAN/install/swrob_can:/opt/ros/humble /home/lyx/.local/bin/cmake --install /home/lyx/Desktop/pc/SideWalkrobot_CAN/build/can_interfaces
[0.687s] -- Install configuration: ""
[0.687s] -- Up-to-date: /home/lyx/Desktop/pc/SideWalkrobot_CAN/install/can_interfaces/share/ament_index/resource_index/rosidl_interfaces/can_interfaces
[0.687s] -- Up-to-date: /home/lyx/Desktop/pc/SideWalkrobot_CAN/install/can_interfaces/include/can_interfaces/can_interfaces
[0.687s] -- Up-to-date: /home/lyx/Desktop/pc/SideWalkrobot_CAN/install/can_interfaces/include/can_interfaces/can_interfaces/msg
[0.687s] -- Up-to-date: /home/lyx/Desktop/pc/SideWalkrobot_CAN/install/can_interfaces/include/can_interfaces/can_interfaces/msg/can.h
[0.687s] -- Up-to-date: /home/lyx/Desktop/pc/SideWalkrobot_CAN/install/can_interfaces/include/can_interfaces/can_interfaces/msg/detail
[0.687s] -- Up-to-date: /home/lyx/Desktop/pc/SideWalkrobot_CAN/install/can_interfaces/include/can_interfaces/can_interfaces/msg/detail/can__struct.h
[0.687s] -- Up-to-date: /home/lyx/Desktop/pc/SideWalkrobot_CAN/install/can_interfaces/include/can_interfaces/can_interfaces/msg/detail/can__type_support.h
[0.687s] -- Up-to-date: /home/lyx/Desktop/pc/SideWalkrobot_CAN/install/can_interfaces/include/can_interfaces/can_interfaces/msg/detail/can__functions.h
[0.688s] -- Up-to-date: /home/lyx/Desktop/pc/SideWalkrobot_CAN/install/can_interfaces/include/can_interfaces/can_interfaces/msg/detail/can__functions.c
[0.688s] -- Up-to-date: /home/lyx/Desktop/pc/SideWalkrobot_CAN/install/can_interfaces/include/can_interfaces/can_interfaces/msg/rosidl_generator_c__visibility_control.h
[0.688s] -- Up-to-date: /home/lyx/Desktop/pc/SideWalkrobot_CAN/install/can_interfaces/share/can_interfaces/environment/library_path.sh
[0.688s] -- Up-to-date: /home/lyx/Desktop/pc/SideWalkrobot_CAN/install/can_interfaces/share/can_interfaces/environment/library_path.dsv
[0.688s] -- Up-to-date: /home/lyx/Desktop/pc/SideWalkrobot_CAN/install/can_interfaces/lib/libcan_interfaces__rosidl_generator_c.so
[0.688s] -- Up-to-date: /home/lyx/Desktop/pc/SideWalkrobot_CAN/install/can_interfaces/include/can_interfaces/can_interfaces
[0.688s] -- Up-to-date: /home/lyx/Desktop/pc/SideWalkrobot_CAN/install/can_interfaces/include/can_interfaces/can_interfaces/msg
[0.688s] -- Up-to-date: /home/lyx/Desktop/pc/SideWalkrobot_CAN/install/can_interfaces/include/can_interfaces/can_interfaces/msg/detail
[0.688s] -- Up-to-date: /home/lyx/Desktop/pc/SideWalkrobot_CAN/install/can_interfaces/include/can_interfaces/can_interfaces/msg/detail/can__rosidl_typesupport_fastrtps_c.h
[0.688s] -- Up-to-date: /home/lyx/Desktop/pc/SideWalkrobot_CAN/install/can_interfaces/include/can_interfaces/can_interfaces/msg/rosidl_typesupport_fastrtps_c__visibility_control.h
[0.688s] -- Up-to-date: /home/lyx/Desktop/pc/SideWalkrobot_CAN/install/can_interfaces/lib/libcan_interfaces__rosidl_typesupport_fastrtps_c.so
[0.688s] -- Up-to-date: /home/lyx/Desktop/pc/SideWalkrobot_CAN/install/can_interfaces/include/can_interfaces/can_interfaces
[0.688s] -- Up-to-date: /home/lyx/Desktop/pc/SideWalkrobot_CAN/install/can_interfaces/include/can_interfaces/can_interfaces/msg
[0.689s] -- Up-to-date: /home/lyx/Desktop/pc/SideWalkrobot_CAN/install/can_interfaces/include/can_interfaces/can_interfaces/msg/can.hpp
[0.689s] -- Up-to-date: /home/lyx/Desktop/pc/SideWalkrobot_CAN/install/can_interfaces/include/can_interfaces/can_interfaces/msg/detail
[0.689s] -- Up-to-date: /home/lyx/Desktop/pc/SideWalkrobot_CAN/install/can_interfaces/include/can_interfaces/can_interfaces/msg/detail/can__struct.hpp
[0.689s] -- Up-to-date: /home/lyx/Desktop/pc/SideWalkrobot_CAN/install/can_interfaces/include/can_interfaces/can_interfaces/msg/detail/can__traits.hpp
[0.689s] -- Up-to-date: /home/lyx/Desktop/pc/SideWalkrobot_CAN/install/can_interfaces/include/can_interfaces/can_interfaces/msg/detail/can__builder.hpp
[0.689s] -- Up-to-date: /home/lyx/Desktop/pc/SideWalkrobot_CAN/install/can_interfaces/include/can_interfaces/can_interfaces
[0.689s] -- Up-to-date: /home/lyx/Desktop/pc/SideWalkrobot_CAN/install/can_interfaces/include/can_interfaces/can_interfaces/msg
[0.689s] -- Up-to-date: /home/lyx/Desktop/pc/SideWalkrobot_CAN/install/can_interfaces/include/can_interfaces/can_interfaces/msg/detail
[0.689s] -- Up-to-date: /home/lyx/Desktop/pc/SideWalkrobot_CAN/install/can_interfaces/include/can_interfaces/can_interfaces/msg/detail/dds_fastrtps
[0.689s] -- Up-to-date: /home/lyx/Desktop/pc/SideWalkrobot_CAN/install/can_interfaces/include/can_interfaces/can_interfaces/msg/detail/can__rosidl_typesupport_fastrtps_cpp.hpp
[0.689s] -- Up-to-date: /home/lyx/Desktop/pc/SideWalkrobot_CAN/install/can_interfaces/include/can_interfaces/can_interfaces/msg/rosidl_typesupport_fastrtps_cpp__visibility_control.h
[0.689s] -- Up-to-date: /home/lyx/Desktop/pc/SideWalkrobot_CAN/install/can_interfaces/lib/libcan_interfaces__rosidl_typesupport_fastrtps_cpp.so
[0.689s] -- Up-to-date: /home/lyx/Desktop/pc/SideWalkrobot_CAN/install/can_interfaces/include/can_interfaces/can_interfaces
[0.689s] -- Up-to-date: /home/lyx/Desktop/pc/SideWalkrobot_CAN/install/can_interfaces/include/can_interfaces/can_interfaces/msg
[0.689s] -- Up-to-date: /home/lyx/Desktop/pc/SideWalkrobot_CAN/install/can_interfaces/include/can_interfaces/can_interfaces/msg/detail
[0.690s] -- Up-to-date: /home/lyx/Desktop/pc/SideWalkrobot_CAN/install/can_interfaces/include/can_interfaces/can_interfaces/msg/detail/can__type_support.c
[0.690s] -- Up-to-date: /home/lyx/Desktop/pc/SideWalkrobot_CAN/install/can_interfaces/include/can_interfaces/can_interfaces/msg/detail/can__rosidl_typesupport_introspection_c.h
[0.691s] -- Up-to-date: /home/lyx/Desktop/pc/SideWalkrobot_CAN/install/can_interfaces/include/can_interfaces/can_interfaces/msg/rosidl_typesupport_introspection_c__visibility_control.h
[0.692s] -- Up-to-date: /home/lyx/Desktop/pc/SideWalkrobot_CAN/install/can_interfaces/lib/libcan_interfaces__rosidl_typesupport_introspection_c.so
[0.692s] -- Up-to-date: /home/lyx/Desktop/pc/SideWalkrobot_CAN/install/can_interfaces/lib/libcan_interfaces__rosidl_typesupport_c.so
[0.692s] -- Up-to-date: /home/lyx/Desktop/pc/SideWalkrobot_CAN/install/can_interfaces/include/can_interfaces/can_interfaces
[0.692s] -- Up-to-date: /home/lyx/Desktop/pc/SideWalkrobot_CAN/install/can_interfaces/include/can_interfaces/can_interfaces/msg
[0.692s] -- Up-to-date: /home/lyx/Desktop/pc/SideWalkrobot_CAN/install/can_interfaces/include/can_interfaces/can_interfaces/msg/detail
[0.692s] -- Up-to-date: /home/lyx/Desktop/pc/SideWalkrobot_CAN/install/can_interfaces/include/can_interfaces/can_interfaces/msg/detail/can__type_support.cpp
[0.692s] -- Up-to-date: /home/lyx/Desktop/pc/SideWalkrobot_CAN/install/can_interfaces/include/can_interfaces/can_interfaces/msg/detail/can__rosidl_typesupport_introspection_cpp.hpp
[0.692s] -- Up-to-date: /home/lyx/Desktop/pc/SideWalkrobot_CAN/install/can_interfaces/lib/libcan_interfaces__rosidl_typesupport_introspection_cpp.so
[0.692s] -- Up-to-date: /home/lyx/Desktop/pc/SideWalkrobot_CAN/install/can_interfaces/lib/libcan_interfaces__rosidl_typesupport_cpp.so
[0.693s] -- Up-to-date: /home/lyx/Desktop/pc/SideWalkrobot_CAN/install/can_interfaces/share/can_interfaces/environment/pythonpath.sh
[0.693s] -- Up-to-date: /home/lyx/Desktop/pc/SideWalkrobot_CAN/install/can_interfaces/share/can_interfaces/environment/pythonpath.dsv
[0.693s] -- Up-to-date: /home/lyx/Desktop/pc/SideWalkrobot_CAN/install/can_interfaces/local/lib/python3.10/dist-packages/can_interfaces-0.0.0-py3.10.egg-info
[0.693s] -- Installing: /home/lyx/Desktop/pc/SideWalkrobot_CAN/install/can_interfaces/local/lib/python3.10/dist-packages/can_interfaces-0.0.0-py3.10.egg-info/dependency_links.txt
[0.693s] -- Installing: /home/lyx/Desktop/pc/SideWalkrobot_CAN/install/can_interfaces/local/lib/python3.10/dist-packages/can_interfaces-0.0.0-py3.10.egg-info/top_level.txt
[0.693s] -- Installing: /home/lyx/Desktop/pc/SideWalkrobot_CAN/install/can_interfaces/local/lib/python3.10/dist-packages/can_interfaces-0.0.0-py3.10.egg-info/PKG-INFO
[0.693s] -- Installing: /home/lyx/Desktop/pc/SideWalkrobot_CAN/install/can_interfaces/local/lib/python3.10/dist-packages/can_interfaces-0.0.0-py3.10.egg-info/SOURCES.txt
[0.695s] -- Up-to-date: /home/lyx/Desktop/pc/SideWalkrobot_CAN/install/can_interfaces/local/lib/python3.10/dist-packages/can_interfaces
[0.696s] -- Up-to-date: /home/lyx/Desktop/pc/SideWalkrobot_CAN/install/can_interfaces/local/lib/python3.10/dist-packages/can_interfaces/msg
[0.696s] -- Up-to-date: /home/lyx/Desktop/pc/SideWalkrobot_CAN/install/can_interfaces/local/lib/python3.10/dist-packages/can_interfaces/msg/_can.py
[0.696s] -- Up-to-date: /home/lyx/Desktop/pc/SideWalkrobot_CAN/install/can_interfaces/local/lib/python3.10/dist-packages/can_interfaces/msg/_can_s.c
[0.696s] -- Up-to-date: /home/lyx/Desktop/pc/SideWalkrobot_CAN/install/can_interfaces/local/lib/python3.10/dist-packages/can_interfaces/msg/__init__.py
[0.696s] -- Up-to-date: /home/lyx/Desktop/pc/SideWalkrobot_CAN/install/can_interfaces/local/lib/python3.10/dist-packages/can_interfaces/_can_interfaces_s.ep.rosidl_typesupport_fastrtps_c.c
[0.696s] -- Up-to-date: /home/lyx/Desktop/pc/SideWalkrobot_CAN/install/can_interfaces/local/lib/python3.10/dist-packages/can_interfaces/_can_interfaces_s.ep.rosidl_typesupport_introspection_c.c
[0.696s] -- Up-to-date: /home/lyx/Desktop/pc/SideWalkrobot_CAN/install/can_interfaces/local/lib/python3.10/dist-packages/can_interfaces/can_interfaces_s__rosidl_typesupport_introspection_c.cpython-310-x86_64-linux-gnu.so
[0.696s] -- Up-to-date: /home/lyx/Desktop/pc/SideWalkrobot_CAN/install/can_interfaces/local/lib/python3.10/dist-packages/can_interfaces/_can_interfaces_s.ep.rosidl_typesupport_c.c
[0.696s] -- Up-to-date: /home/lyx/Desktop/pc/SideWalkrobot_CAN/install/can_interfaces/local/lib/python3.10/dist-packages/can_interfaces/can_interfaces_s__rosidl_typesupport_c.cpython-310-x86_64-linux-gnu.so
[0.696s] -- Up-to-date: /home/lyx/Desktop/pc/SideWalkrobot_CAN/install/can_interfaces/local/lib/python3.10/dist-packages/can_interfaces/can_interfaces_s__rosidl_typesupport_fastrtps_c.cpython-310-x86_64-linux-gnu.so
[0.696s] -- Up-to-date: /home/lyx/Desktop/pc/SideWalkrobot_CAN/install/can_interfaces/local/lib/python3.10/dist-packages/can_interfaces/__init__.py
[0.696s] -- Up-to-date: /home/lyx/Desktop/pc/SideWalkrobot_CAN/install/can_interfaces/local/lib/python3.10/dist-packages/can_interfaces/libcan_interfaces__rosidl_generator_py.so
[0.753s] Listing '/home/lyx/Desktop/pc/SideWalkrobot_CAN/install/can_interfaces/local/lib/python3.10/dist-packages/can_interfaces'...
[0.753s] Listing '/home/lyx/Desktop/pc/SideWalkrobot_CAN/install/can_interfaces/local/lib/python3.10/dist-packages/can_interfaces/msg'...
[0.764s] -- Up-to-date: /home/lyx/Desktop/pc/SideWalkrobot_CAN/install/can_interfaces/local/lib/python3.10/dist-packages/can_interfaces/can_interfaces_s__rosidl_typesupport_fastrtps_c.cpython-310-x86_64-linux-gnu.so
[0.764s] -- Up-to-date: /home/lyx/Desktop/pc/SideWalkrobot_CAN/install/can_interfaces/local/lib/python3.10/dist-packages/can_interfaces/can_interfaces_s__rosidl_typesupport_introspection_c.cpython-310-x86_64-linux-gnu.so
[0.764s] -- Up-to-date: /home/lyx/Desktop/pc/SideWalkrobot_CAN/install/can_interfaces/local/lib/python3.10/dist-packages/can_interfaces/can_interfaces_s__rosidl_typesupport_c.cpython-310-x86_64-linux-gnu.so
[0.764s] -- Up-to-date: /home/lyx/Desktop/pc/SideWalkrobot_CAN/install/can_interfaces/lib/libcan_interfaces__rosidl_generator_py.so
[0.764s] -- Up-to-date: /home/lyx/Desktop/pc/SideWalkrobot_CAN/install/can_interfaces/share/can_interfaces/msg/Can.idl
[0.764s] -- Up-to-date: /home/lyx/Desktop/pc/SideWalkrobot_CAN/install/can_interfaces/share/can_interfaces/msg/Can.msg
[0.764s] -- Up-to-date: /home/lyx/Desktop/pc/SideWalkrobot_CAN/install/can_interfaces/share/ament_index/resource_index/package_run_dependencies/can_interfaces
[0.764s] -- Up-to-date: /home/lyx/Desktop/pc/SideWalkrobot_CAN/install/can_interfaces/share/ament_index/resource_index/parent_prefix_path/can_interfaces
[0.764s] -- Up-to-date: /home/lyx/Desktop/pc/SideWalkrobot_CAN/install/can_interfaces/share/can_interfaces/environment/ament_prefix_path.sh
[0.765s] -- Up-to-date: /home/lyx/Desktop/pc/SideWalkrobot_CAN/install/can_interfaces/share/can_interfaces/environment/ament_prefix_path.dsv
[0.765s] -- Up-to-date: /home/lyx/Desktop/pc/SideWalkrobot_CAN/install/can_interfaces/share/can_interfaces/environment/path.sh
[0.765s] -- Up-to-date: /home/lyx/Desktop/pc/SideWalkrobot_CAN/install/can_interfaces/share/can_interfaces/environment/path.dsv
[0.765s] -- Up-to-date: /home/lyx/Desktop/pc/SideWalkrobot_CAN/install/can_interfaces/share/can_interfaces/local_setup.bash
[0.765s] -- Up-to-date: /home/lyx/Desktop/pc/SideWalkrobot_CAN/install/can_interfaces/share/can_interfaces/local_setup.sh
[0.765s] -- Up-to-date: /home/lyx/Desktop/pc/SideWalkrobot_CAN/install/can_interfaces/share/can_interfaces/local_setup.zsh
[0.765s] -- Up-to-date: /home/lyx/Desktop/pc/SideWalkrobot_CAN/install/can_interfaces/share/can_interfaces/local_setup.dsv
[0.765s] -- Installing: /home/lyx/Desktop/pc/SideWalkrobot_CAN/install/can_interfaces/share/can_interfaces/package.dsv
[0.765s] -- Up-to-date: /home/lyx/Desktop/pc/SideWalkrobot_CAN/install/can_interfaces/share/ament_index/resource_index/packages/can_interfaces
[0.765s] -- Up-to-date: /home/lyx/Desktop/pc/SideWalkrobot_CAN/install/can_interfaces/share/can_interfaces/cmake/export_can_interfaces__rosidl_generator_cExport.cmake
[0.765s] -- Up-to-date: /home/lyx/Desktop/pc/SideWalkrobot_CAN/install/can_interfaces/share/can_interfaces/cmake/export_can_interfaces__rosidl_generator_cExport-noconfig.cmake
[0.765s] -- Up-to-date: /home/lyx/Desktop/pc/SideWalkrobot_CAN/install/can_interfaces/share/can_interfaces/cmake/export_can_interfaces__rosidl_typesupport_fastrtps_cExport.cmake
[0.765s] -- Up-to-date: /home/lyx/Desktop/pc/SideWalkrobot_CAN/install/can_interfaces/share/can_interfaces/cmake/export_can_interfaces__rosidl_typesupport_fastrtps_cExport-noconfig.cmake
[0.765s] -- Up-to-date: /home/lyx/Desktop/pc/SideWalkrobot_CAN/install/can_interfaces/share/can_interfaces/cmake/export_can_interfaces__rosidl_generator_cppExport.cmake
[0.766s] -- Up-to-date: /home/lyx/Desktop/pc/SideWalkrobot_CAN/install/can_interfaces/share/can_interfaces/cmake/export_can_interfaces__rosidl_typesupport_fastrtps_cppExport.cmake
[0.766s] -- Up-to-date: /home/lyx/Desktop/pc/SideWalkrobot_CAN/install/can_interfaces/share/can_interfaces/cmake/export_can_interfaces__rosidl_typesupport_fastrtps_cppExport-noconfig.cmake
[0.766s] -- Up-to-date: /home/lyx/Desktop/pc/SideWalkrobot_CAN/install/can_interfaces/share/can_interfaces/cmake/can_interfaces__rosidl_typesupport_introspection_cExport.cmake
[0.766s] -- Up-to-date: /home/lyx/Desktop/pc/SideWalkrobot_CAN/install/can_interfaces/share/can_interfaces/cmake/can_interfaces__rosidl_typesupport_introspection_cExport-noconfig.cmake
[0.766s] -- Up-to-date: /home/lyx/Desktop/pc/SideWalkrobot_CAN/install/can_interfaces/share/can_interfaces/cmake/can_interfaces__rosidl_typesupport_cExport.cmake
[0.766s] -- Up-to-date: /home/lyx/Desktop/pc/SideWalkrobot_CAN/install/can_interfaces/share/can_interfaces/cmake/can_interfaces__rosidl_typesupport_cExport-noconfig.cmake
[0.768s] -- Up-to-date: /home/lyx/Desktop/pc/SideWalkrobot_CAN/install/can_interfaces/share/can_interfaces/cmake/can_interfaces__rosidl_typesupport_introspection_cppExport.cmake
[0.768s] -- Up-to-date: /home/lyx/Desktop/pc/SideWalkrobot_CAN/install/can_interfaces/share/can_interfaces/cmake/can_interfaces__rosidl_typesupport_introspection_cppExport-noconfig.cmake
[0.768s] -- Up-to-date: /home/lyx/Desktop/pc/SideWalkrobot_CAN/install/can_interfaces/share/can_interfaces/cmake/can_interfaces__rosidl_typesupport_cppExport.cmake
[0.768s] -- Up-to-date: /home/lyx/Desktop/pc/SideWalkrobot_CAN/install/can_interfaces/share/can_interfaces/cmake/can_interfaces__rosidl_typesupport_cppExport-noconfig.cmake
[0.768s] -- Up-to-date: /home/lyx/Desktop/pc/SideWalkrobot_CAN/install/can_interfaces/share/can_interfaces/cmake/export_can_interfaces__rosidl_generator_pyExport.cmake
[0.769s] -- Up-to-date: /home/lyx/Desktop/pc/SideWalkrobot_CAN/install/can_interfaces/share/can_interfaces/cmake/export_can_interfaces__rosidl_generator_pyExport-noconfig.cmake
[0.769s] -- Up-to-date: /home/lyx/Desktop/pc/SideWalkrobot_CAN/install/can_interfaces/share/can_interfaces/cmake/rosidl_cmake-extras.cmake
[0.769s] -- Up-to-date: /home/lyx/Desktop/pc/SideWalkrobot_CAN/install/can_interfaces/share/can_interfaces/cmake/ament_cmake_export_dependencies-extras.cmake
[0.769s] -- Up-to-date: /home/lyx/Desktop/pc/SideWalkrobot_CAN/install/can_interfaces/share/can_interfaces/cmake/ament_cmake_export_include_directories-extras.cmake
[0.769s] -- Up-to-date: /home/lyx/Desktop/pc/SideWalkrobot_CAN/install/can_interfaces/share/can_interfaces/cmake/ament_cmake_export_libraries-extras.cmake
[0.769s] -- Up-to-date: /home/lyx/Desktop/pc/SideWalkrobot_CAN/install/can_interfaces/share/can_interfaces/cmake/ament_cmake_export_targets-extras.cmake
[0.769s] -- Up-to-date: /home/lyx/Desktop/pc/SideWalkrobot_CAN/install/can_interfaces/share/can_interfaces/cmake/rosidl_cmake_export_typesupport_targets-extras.cmake
[0.769s] -- Up-to-date: /home/lyx/Desktop/pc/SideWalkrobot_CAN/install/can_interfaces/share/can_interfaces/cmake/rosidl_cmake_export_typesupport_libraries-extras.cmake
[0.769s] -- Up-to-date: /home/lyx/Desktop/pc/SideWalkrobot_CAN/install/can_interfaces/share/can_interfaces/cmake/can_interfacesConfig.cmake
[0.769s] -- Up-to-date: /home/lyx/Desktop/pc/SideWalkrobot_CAN/install/can_interfaces/share/can_interfaces/cmake/can_interfacesConfig-version.cmake
[0.769s] -- Up-to-date: /home/lyx/Desktop/pc/SideWalkrobot_CAN/install/can_interfaces/share/can_interfaces/package.xml
[0.788s] Invoked command in '/home/lyx/Desktop/pc/SideWalkrobot_CAN/build/can_interfaces' returned '0': CMAKE_PREFIX_PATH=${CMAKE_PREFIX_PATH}:/home/lyx/Desktop/pc/SideWalkrobot_CAN/install/swrob_can:/opt/ros/humble /home/lyx/.local/bin/cmake --install /home/lyx/Desktop/pc/SideWalkrobot_CAN/build/can_interfaces
