[0.338s] Invoking command in '/home/peng/swrob_ws/src/swrob_can': PYTHONPATH=/home/peng/swrob_ws/install/swrob_can/lib/python3.10/site-packages: /usr/bin/python3 setup.py egg_info --egg-base ../../build/swrob_can build --build-base /home/peng/swrob_ws/build/swrob_can/build install --prefix /home/peng/swrob_ws/install/swrob_can --record /home/peng/swrob_ws/build/swrob_can/install.log --single-version-externally-managed
[0.465s] running egg_info
[0.465s] writing ../../build/swrob_can/swrob_can.egg-info/PKG-INFO
[0.466s] writing dependency_links to ../../build/swrob_can/swrob_can.egg-info/dependency_links.txt
[0.466s] writing entry points to ../../build/swrob_can/swrob_can.egg-info/entry_points.txt
[0.466s] writing requirements to ../../build/swrob_can/swrob_can.egg-info/requires.txt
[0.466s] writing top-level names to ../../build/swrob_can/swrob_can.egg-info/top_level.txt
[0.468s] reading manifest file '../../build/swrob_can/swrob_can.egg-info/SOURCES.txt'
[0.469s] writing manifest file '../../build/swrob_can/swrob_can.egg-info/SOURCES.txt'
[0.469s] running build
[0.469s] running build_py
[0.469s] running install
[0.469s] running install_lib
[0.470s] running install_data
[0.470s] running install_egg_info
[0.471s] removing '/home/peng/swrob_ws/install/swrob_can/lib/python3.10/site-packages/swrob_can-0.0.0-py3.10.egg-info' (and everything under it)
[0.471s] Copying ../../build/swrob_can/swrob_can.egg-info to /home/peng/swrob_ws/install/swrob_can/lib/python3.10/site-packages/swrob_can-0.0.0-py3.10.egg-info
[0.472s] running install_scripts
[0.484s] Installing canbus_node script to /home/peng/swrob_ws/install/swrob_can/lib/swrob_can
[0.485s] writing list of installed files to '/home/peng/swrob_ws/build/swrob_can/install.log'
[0.499s] Invoked command in '/home/peng/swrob_ws/src/swrob_can' returned '0': PYTHONPATH=/home/peng/swrob_ws/install/swrob_can/lib/python3.10/site-packages: /usr/bin/python3 setup.py egg_info --egg-base ../../build/swrob_can build --build-base /home/peng/swrob_ws/build/swrob_can/build install --prefix /home/peng/swrob_ws/install/swrob_can --record /home/peng/swrob_ws/build/swrob_can/install.log --single-version-externally-managed
