[1.665s] Invoking command in '/home/peng/swrob_ws/src/swrob_can': PYTHONPATH=/home/peng/swrob_ws/install/swrob_can/lib/python3.10/site-packages:${PYTHONPATH} /usr/bin/python3 setup.py egg_info --egg-base ../../build/swrob_can build --build-base /home/peng/swrob_ws/build/swrob_can/build install --prefix /home/peng/swrob_ws/install/swrob_can --record /home/peng/swrob_ws/build/swrob_can/install.log --single-version-externally-managed
[1.883s] running egg_info
[1.883s] writing ../../build/swrob_can/swrob_can.egg-info/PKG-INFO
[1.883s] writing dependency_links to ../../build/swrob_can/swrob_can.egg-info/dependency_links.txt
[1.884s] writing entry points to ../../build/swrob_can/swrob_can.egg-info/entry_points.txt
[1.884s] writing requirements to ../../build/swrob_can/swrob_can.egg-info/requires.txt
[1.884s] writing top-level names to ../../build/swrob_can/swrob_can.egg-info/top_level.txt
[1.885s] reading manifest file '../../build/swrob_can/swrob_can.egg-info/SOURCES.txt'
[1.897s] writing manifest file '../../build/swrob_can/swrob_can.egg-info/SOURCES.txt'
[1.897s] running build
[1.897s] running build_py
[1.897s] copying swrob_can/CAN_Recv.py -> /home/peng/swrob_ws/build/swrob_can/build/lib/swrob_can
[1.897s] copying swrob_can/CAN_Send.py -> /home/peng/swrob_ws/build/swrob_can/build/lib/swrob_can
[1.897s] copying swrob_can/canbus.py -> /home/peng/swrob_ws/build/swrob_can/build/lib/swrob_can
[1.897s] running install
[1.904s] /usr/lib/python3/dist-packages/setuptools/command/install.py:34: SetuptoolsDeprecationWarning: setup.py install is deprecated. Use build and pip and other standards-based tools.
[1.904s]   warnings.warn(
[1.904s] running install_lib
[1.904s] copying /home/peng/swrob_ws/build/swrob_can/build/lib/swrob_can/CAN_Recv.py -> /home/peng/swrob_ws/install/swrob_can/lib/python3.10/site-packages/swrob_can
[1.905s] copying /home/peng/swrob_ws/build/swrob_can/build/lib/swrob_can/CAN_Send.py -> /home/peng/swrob_ws/install/swrob_can/lib/python3.10/site-packages/swrob_can
[1.905s] copying /home/peng/swrob_ws/build/swrob_can/build/lib/swrob_can/canbus.py -> /home/peng/swrob_ws/install/swrob_can/lib/python3.10/site-packages/swrob_can
[1.905s] byte-compiling /home/peng/swrob_ws/install/swrob_can/lib/python3.10/site-packages/swrob_can/CAN_Recv.py to CAN_Recv.cpython-310.pyc
[1.906s] byte-compiling /home/peng/swrob_ws/install/swrob_can/lib/python3.10/site-packages/swrob_can/CAN_Send.py to CAN_Send.cpython-310.pyc
[1.906s] byte-compiling /home/peng/swrob_ws/install/swrob_can/lib/python3.10/site-packages/swrob_can/canbus.py to canbus.cpython-310.pyc
[1.907s]   File "/home/peng/swrob_ws/install/swrob_can/lib/python3.10/site-packages/swrob_can/canbus.py", line 14
[1.907s]     def timer_callback(self)
[1.907s]                             ^
[1.907s] SyntaxError: expected ':'
[1.907s] 
[1.907s] running install_data
[1.907s] running install_egg_info
[1.908s] removing '/home/peng/swrob_ws/install/swrob_can/lib/python3.10/site-packages/swrob_can-0.0.0-py3.10.egg-info' (and everything under it)
[1.909s] Copying ../../build/swrob_can/swrob_can.egg-info to /home/peng/swrob_ws/install/swrob_can/lib/python3.10/site-packages/swrob_can-0.0.0-py3.10.egg-info
[1.934s] running install_scripts
[1.949s] Installing canbus_node script to /home/peng/swrob_ws/install/swrob_can/lib/swrob_can
[1.949s] writing list of installed files to '/home/peng/swrob_ws/build/swrob_can/install.log'
[1.963s] Invoked command in '/home/peng/swrob_ws/src/swrob_can' returned '0': PYTHONPATH=/home/peng/swrob_ws/install/swrob_can/lib/python3.10/site-packages:${PYTHONPATH} /usr/bin/python3 setup.py egg_info --egg-base ../../build/swrob_can build --build-base /home/peng/swrob_ws/build/swrob_can/build install --prefix /home/peng/swrob_ws/install/swrob_can --record /home/peng/swrob_ws/build/swrob_can/install.log --single-version-externally-managed
