[0.022s] Invoking command in '/home/lyx/Desktop/pc/SideWalkrobot_CAN/build/can_interfaces': CMAKE_PREFIX_PATH=${CMAKE_PREFIX_PATH}:/home/lyx/Desktop/pc/SideWalkrobot_CAN/install/swrob_can:/opt/ros/humble /home/lyx/.local/bin/cmake --build /home/lyx/Desktop/pc/SideWalkrobot_CAN/build/can_interfaces -- -j2 -l2
[0.098s] [  9%] Built target can_interfaces__rosidl_generator_c
[0.113s] [ 12%] Built target can_interfaces__cpp
[0.127s] [ 12%] Built target ament_cmake_python_copy_can_interfaces
[0.139s] [ 22%] Built target can_interfaces__rosidl_typesupport_introspection_c
[0.150s] [ 32%] Built target can_interfaces__rosidl_typesupport_c
[0.166s] [ 41%] Built target can_interfaces__rosidl_typesupport_introspection_cpp
[0.175s] [ 51%] Built target can_interfaces__rosidl_typesupport_cpp
[0.185s] [ 61%] Built target can_interfaces__rosidl_typesupport_fastrtps_c
[0.197s] [ 70%] Built target can_interfaces__rosidl_typesupport_fastrtps_cpp
[0.518s] running egg_info
[0.519s] writing can_interfaces.egg-info/PKG-INFO
[0.520s] writing dependency_links to can_interfaces.egg-info/dependency_links.txt
[0.520s] writing top-level names to can_interfaces.egg-info/top_level.txt
[0.525s] reading manifest file 'can_interfaces.egg-info/SOURCES.txt'
[0.526s] writing manifest file 'can_interfaces.egg-info/SOURCES.txt'
[0.557s] [ 70%] Built target ament_cmake_python_build_can_interfaces_egg
[0.568s] [ 70%] Built target can_interfaces
[0.580s] [ 74%] Built target can_interfaces__py
[0.594s] [ 80%] Built target can_interfaces__rosidl_generator_py
[0.607s] [ 87%] Built target can_interfaces__rosidl_typesupport_fastrtps_c__pyext
[0.621s] [ 93%] Built target can_interfaces__rosidl_typesupport_introspection_c__pyext
[0.639s] [100%] Built target can_interfaces__rosidl_typesupport_c__pyext
[0.658s] Invoked command in '/home/lyx/Desktop/pc/SideWalkrobot_CAN/build/can_interfaces' returned '0': CMAKE_PREFIX_PATH=${CMAKE_PREFIX_PATH}:/home/lyx/Desktop/pc/SideWalkrobot_CAN/install/swrob_can:/opt/ros/humble /home/lyx/.local/bin/cmake --build /home/lyx/Desktop/pc/SideWalkrobot_CAN/build/can_interfaces -- -j2 -l2
[0.773s] Invoking command in '/home/lyx/Desktop/pc/SideWalkrobot_CAN/build/can_interfaces': CMAKE_PREFIX_PATH=${CMAKE_PREFIX_PATH}:/home/lyx/Desktop/pc/SideWalkrobot_CAN/install/swrob_can:/opt/ros/humble /home/lyx/.local/bin/cmake --install /home/lyx/Desktop/pc/SideWalkrobot_CAN/build/can_interfaces
[0.812s] -- Install configuration: ""
[0.816s] -- Up-to-date: /home/lyx/Desktop/pc/SideWalkrobot_CAN/install/can_interfaces/share/ament_index/resource_index/rosidl_interfaces/can_interfaces
[0.816s] -- Up-to-date: /home/lyx/Desktop/pc/SideWalkrobot_CAN/install/can_interfaces/include/can_interfaces/can_interfaces
[0.817s] -- Up-to-date: /home/lyx/Desktop/pc/SideWalkrobot_CAN/install/can_interfaces/include/can_interfaces/can_interfaces/msg
[0.817s] -- Up-to-date: /home/lyx/Desktop/pc/SideWalkrobot_CAN/install/can_interfaces/include/can_interfaces/can_interfaces/msg/can.h
[0.817s] -- Up-to-date: /home/lyx/Desktop/pc/SideWalkrobot_CAN/install/can_interfaces/include/can_interfaces/can_interfaces/msg/detail
[0.817s] -- Up-to-date: /home/lyx/Desktop/pc/SideWalkrobot_CAN/install/can_interfaces/include/can_interfaces/can_interfaces/msg/detail/can__struct.h
[0.818s] -- Up-to-date: /home/lyx/Desktop/pc/SideWalkrobot_CAN/install/can_interfaces/include/can_interfaces/can_interfaces/msg/detail/can__type_support.h
[0.818s] -- Up-to-date: /home/lyx/Desktop/pc/SideWalkrobot_CAN/install/can_interfaces/include/can_interfaces/can_interfaces/msg/detail/can__functions.h
[0.818s] -- Up-to-date: /home/lyx/Desktop/pc/SideWalkrobot_CAN/install/can_interfaces/include/can_interfaces/can_interfaces/msg/detail/can__functions.c
[0.818s] -- Up-to-date: /home/lyx/Desktop/pc/SideWalkrobot_CAN/install/can_interfaces/include/can_interfaces/can_interfaces/msg/rosidl_generator_c__visibility_control.h
[0.818s] -- Up-to-date: /home/lyx/Desktop/pc/SideWalkrobot_CAN/install/can_interfaces/share/can_interfaces/environment/library_path.sh
[0.818s] -- Up-to-date: /home/lyx/Desktop/pc/SideWalkrobot_CAN/install/can_interfaces/share/can_interfaces/environment/library_path.dsv
[0.819s] -- Up-to-date: /home/lyx/Desktop/pc/SideWalkrobot_CAN/install/can_interfaces/lib/libcan_interfaces__rosidl_generator_c.so
[0.819s] -- Up-to-date: /home/lyx/Desktop/pc/SideWalkrobot_CAN/install/can_interfaces/include/can_interfaces/can_interfaces
[0.819s] -- Up-to-date: /home/lyx/Desktop/pc/SideWalkrobot_CAN/install/can_interfaces/include/can_interfaces/can_interfaces/msg
[0.820s] -- Up-to-date: /home/lyx/Desktop/pc/SideWalkrobot_CAN/install/can_interfaces/include/can_interfaces/can_interfaces/msg/detail
[0.820s] -- Up-to-date: /home/lyx/Desktop/pc/SideWalkrobot_CAN/install/can_interfaces/include/can_interfaces/can_interfaces/msg/detail/can__rosidl_typesupport_fastrtps_c.h
[0.820s] -- Up-to-date: /home/lyx/Desktop/pc/SideWalkrobot_CAN/install/can_interfaces/include/can_interfaces/can_interfaces/msg/rosidl_typesupport_fastrtps_c__visibility_control.h
[0.821s] -- Up-to-date: /home/lyx/Desktop/pc/SideWalkrobot_CAN/install/can_interfaces/lib/libcan_interfaces__rosidl_typesupport_fastrtps_c.so
[0.822s] -- Up-to-date: /home/lyx/Desktop/pc/SideWalkrobot_CAN/install/can_interfaces/include/can_interfaces/can_interfaces
[0.822s] -- Up-to-date: /home/lyx/Desktop/pc/SideWalkrobot_CAN/install/can_interfaces/include/can_interfaces/can_interfaces/msg
[0.825s] -- Up-to-date: /home/lyx/Desktop/pc/SideWalkrobot_CAN/install/can_interfaces/include/can_interfaces/can_interfaces/msg/can.hpp
[0.825s] -- Up-to-date: /home/lyx/Desktop/pc/SideWalkrobot_CAN/install/can_interfaces/include/can_interfaces/can_interfaces/msg/detail
[0.825s] -- Up-to-date: /home/lyx/Desktop/pc/SideWalkrobot_CAN/install/can_interfaces/include/can_interfaces/can_interfaces/msg/detail/can__struct.hpp
[0.826s] -- Up-to-date: /home/lyx/Desktop/pc/SideWalkrobot_CAN/install/can_interfaces/include/can_interfaces/can_interfaces/msg/detail/can__traits.hpp
[0.826s] -- Up-to-date: /home/lyx/Desktop/pc/SideWalkrobot_CAN/install/can_interfaces/include/can_interfaces/can_interfaces/msg/detail/can__builder.hpp
[0.826s] -- Up-to-date: /home/lyx/Desktop/pc/SideWalkrobot_CAN/install/can_interfaces/include/can_interfaces/can_interfaces
[0.826s] -- Up-to-date: /home/lyx/Desktop/pc/SideWalkrobot_CAN/install/can_interfaces/include/can_interfaces/can_interfaces/msg
[0.826s] -- Up-to-date: /home/lyx/Desktop/pc/SideWalkrobot_CAN/install/can_interfaces/include/can_interfaces/can_interfaces/msg/detail
[0.827s] -- Up-to-date: /home/lyx/Desktop/pc/SideWalkrobot_CAN/install/can_interfaces/include/can_interfaces/can_interfaces/msg/detail/dds_fastrtps
[0.827s] -- Up-to-date: /home/lyx/Desktop/pc/SideWalkrobot_CAN/install/can_interfaces/include/can_interfaces/can_interfaces/msg/detail/can__rosidl_typesupport_fastrtps_cpp.hpp
[0.827s] -- Up-to-date: /home/lyx/Desktop/pc/SideWalkrobot_CAN/install/can_interfaces/include/can_interfaces/can_interfaces/msg/rosidl_typesupport_fastrtps_cpp__visibility_control.h
[0.827s] -- Up-to-date: /home/lyx/Desktop/pc/SideWalkrobot_CAN/install/can_interfaces/lib/libcan_interfaces__rosidl_typesupport_fastrtps_cpp.so
[0.828s] -- Up-to-date: /home/lyx/Desktop/pc/SideWalkrobot_CAN/install/can_interfaces/include/can_interfaces/can_interfaces
[0.828s] -- Up-to-date: /home/lyx/Desktop/pc/SideWalkrobot_CAN/install/can_interfaces/include/can_interfaces/can_interfaces/msg
[0.828s] -- Up-to-date: /home/lyx/Desktop/pc/SideWalkrobot_CAN/install/can_interfaces/include/can_interfaces/can_interfaces/msg/detail
[0.828s] -- Up-to-date: /home/lyx/Desktop/pc/SideWalkrobot_CAN/install/can_interfaces/include/can_interfaces/can_interfaces/msg/detail/can__type_support.c
[0.828s] -- Up-to-date: /home/lyx/Desktop/pc/SideWalkrobot_CAN/install/can_interfaces/include/can_interfaces/can_interfaces/msg/detail/can__rosidl_typesupport_introspection_c.h
[0.828s] -- Up-to-date: /home/lyx/Desktop/pc/SideWalkrobot_CAN/install/can_interfaces/include/can_interfaces/can_interfaces/msg/rosidl_typesupport_introspection_c__visibility_control.h
[0.833s] -- Up-to-date: /home/lyx/Desktop/pc/SideWalkrobot_CAN/install/can_interfaces/lib/libcan_interfaces__rosidl_typesupport_introspection_c.so
[0.833s] -- Up-to-date: /home/lyx/Desktop/pc/SideWalkrobot_CAN/install/can_interfaces/lib/libcan_interfaces__rosidl_typesupport_c.so
[0.834s] -- Up-to-date: /home/lyx/Desktop/pc/SideWalkrobot_CAN/install/can_interfaces/include/can_interfaces/can_interfaces
[0.834s] -- Up-to-date: /home/lyx/Desktop/pc/SideWalkrobot_CAN/install/can_interfaces/include/can_interfaces/can_interfaces/msg
[0.834s] -- Up-to-date: /home/lyx/Desktop/pc/SideWalkrobot_CAN/install/can_interfaces/include/can_interfaces/can_interfaces/msg/detail
[0.834s] -- Up-to-date: /home/lyx/Desktop/pc/SideWalkrobot_CAN/install/can_interfaces/include/can_interfaces/can_interfaces/msg/detail/can__type_support.cpp
[0.834s] -- Up-to-date: /home/lyx/Desktop/pc/SideWalkrobot_CAN/install/can_interfaces/include/can_interfaces/can_interfaces/msg/detail/can__rosidl_typesupport_introspection_cpp.hpp
[0.835s] -- Up-to-date: /home/lyx/Desktop/pc/SideWalkrobot_CAN/install/can_interfaces/lib/libcan_interfaces__rosidl_typesupport_introspection_cpp.so
[0.835s] -- Up-to-date: /home/lyx/Desktop/pc/SideWalkrobot_CAN/install/can_interfaces/lib/libcan_interfaces__rosidl_typesupport_cpp.so
[0.835s] -- Up-to-date: /home/lyx/Desktop/pc/SideWalkrobot_CAN/install/can_interfaces/share/can_interfaces/environment/pythonpath.sh
[0.836s] -- Up-to-date: /home/lyx/Desktop/pc/SideWalkrobot_CAN/install/can_interfaces/share/can_interfaces/environment/pythonpath.dsv
[0.836s] -- Up-to-date: /home/lyx/Desktop/pc/SideWalkrobot_CAN/install/can_interfaces/local/lib/python3.10/dist-packages/can_interfaces-0.0.0-py3.10.egg-info
[0.836s] -- Installing: /home/lyx/Desktop/pc/SideWalkrobot_CAN/install/can_interfaces/local/lib/python3.10/dist-packages/can_interfaces-0.0.0-py3.10.egg-info/dependency_links.txt
[0.836s] -- Installing: /home/lyx/Desktop/pc/SideWalkrobot_CAN/install/can_interfaces/local/lib/python3.10/dist-packages/can_interfaces-0.0.0-py3.10.egg-info/top_level.txt
[0.840s] -- Installing: /home/lyx/Desktop/pc/SideWalkrobot_CAN/install/can_interfaces/local/lib/python3.10/dist-packages/can_interfaces-0.0.0-py3.10.egg-info/PKG-INFO
[0.840s] -- Installing: /home/lyx/Desktop/pc/SideWalkrobot_CAN/install/can_interfaces/local/lib/python3.10/dist-packages/can_interfaces-0.0.0-py3.10.egg-info/SOURCES.txt
[0.841s] -- Up-to-date: /home/lyx/Desktop/pc/SideWalkrobot_CAN/install/can_interfaces/local/lib/python3.10/dist-packages/can_interfaces
[0.841s] -- Up-to-date: /home/lyx/Desktop/pc/SideWalkrobot_CAN/install/can_interfaces/local/lib/python3.10/dist-packages/can_interfaces/msg
[0.841s] -- Up-to-date: /home/lyx/Desktop/pc/SideWalkrobot_CAN/install/can_interfaces/local/lib/python3.10/dist-packages/can_interfaces/msg/_can.py
[0.841s] -- Up-to-date: /home/lyx/Desktop/pc/SideWalkrobot_CAN/install/can_interfaces/local/lib/python3.10/dist-packages/can_interfaces/msg/_can_s.c
[0.841s] -- Up-to-date: /home/lyx/Desktop/pc/SideWalkrobot_CAN/install/can_interfaces/local/lib/python3.10/dist-packages/can_interfaces/msg/__init__.py
[0.842s] -- Up-to-date: /home/lyx/Desktop/pc/SideWalkrobot_CAN/install/can_interfaces/local/lib/python3.10/dist-packages/can_interfaces/_can_interfaces_s.ep.rosidl_typesupport_fastrtps_c.c
[0.842s] -- Up-to-date: /home/lyx/Desktop/pc/SideWalkrobot_CAN/install/can_interfaces/local/lib/python3.10/dist-packages/can_interfaces/_can_interfaces_s.ep.rosidl_typesupport_introspection_c.c
[0.842s] -- Up-to-date: /home/lyx/Desktop/pc/SideWalkrobot_CAN/install/can_interfaces/local/lib/python3.10/dist-packages/can_interfaces/can_interfaces_s__rosidl_typesupport_introspection_c.cpython-310-x86_64-linux-gnu.so
[0.842s] -- Up-to-date: /home/lyx/Desktop/pc/SideWalkrobot_CAN/install/can_interfaces/local/lib/python3.10/dist-packages/can_interfaces/_can_interfaces_s.ep.rosidl_typesupport_c.c
[0.842s] -- Up-to-date: /home/lyx/Desktop/pc/SideWalkrobot_CAN/install/can_interfaces/local/lib/python3.10/dist-packages/can_interfaces/can_interfaces_s__rosidl_typesupport_c.cpython-310-x86_64-linux-gnu.so
[0.843s] -- Up-to-date: /home/lyx/Desktop/pc/SideWalkrobot_CAN/install/can_interfaces/local/lib/python3.10/dist-packages/can_interfaces/can_interfaces_s__rosidl_typesupport_fastrtps_c.cpython-310-x86_64-linux-gnu.so
[0.843s] -- Up-to-date: /home/lyx/Desktop/pc/SideWalkrobot_CAN/install/can_interfaces/local/lib/python3.10/dist-packages/can_interfaces/__init__.py
[0.843s] -- Up-to-date: /home/lyx/Desktop/pc/SideWalkrobot_CAN/install/can_interfaces/local/lib/python3.10/dist-packages/can_interfaces/libcan_interfaces__rosidl_generator_py.so
[0.880s] Listing '/home/lyx/Desktop/pc/SideWalkrobot_CAN/install/can_interfaces/local/lib/python3.10/dist-packages/can_interfaces'...
[0.881s] Listing '/home/lyx/Desktop/pc/SideWalkrobot_CAN/install/can_interfaces/local/lib/python3.10/dist-packages/can_interfaces/msg'...
[0.891s] -- Up-to-date: /home/lyx/Desktop/pc/SideWalkrobot_CAN/install/can_interfaces/local/lib/python3.10/dist-packages/can_interfaces/can_interfaces_s__rosidl_typesupport_fastrtps_c.cpython-310-x86_64-linux-gnu.so
[0.891s] -- Up-to-date: /home/lyx/Desktop/pc/SideWalkrobot_CAN/install/can_interfaces/local/lib/python3.10/dist-packages/can_interfaces/can_interfaces_s__rosidl_typesupport_introspection_c.cpython-310-x86_64-linux-gnu.so
[0.891s] -- Up-to-date: /home/lyx/Desktop/pc/SideWalkrobot_CAN/install/can_interfaces/local/lib/python3.10/dist-packages/can_interfaces/can_interfaces_s__rosidl_typesupport_c.cpython-310-x86_64-linux-gnu.so
[0.891s] -- Up-to-date: /home/lyx/Desktop/pc/SideWalkrobot_CAN/install/can_interfaces/lib/libcan_interfaces__rosidl_generator_py.so
[0.891s] -- Up-to-date: /home/lyx/Desktop/pc/SideWalkrobot_CAN/install/can_interfaces/share/can_interfaces/msg/Can.idl
[0.891s] -- Up-to-date: /home/lyx/Desktop/pc/SideWalkrobot_CAN/install/can_interfaces/share/can_interfaces/msg/Can.msg
[0.891s] -- Up-to-date: /home/lyx/Desktop/pc/SideWalkrobot_CAN/install/can_interfaces/share/ament_index/resource_index/package_run_dependencies/can_interfaces
[0.891s] -- Up-to-date: /home/lyx/Desktop/pc/SideWalkrobot_CAN/install/can_interfaces/share/ament_index/resource_index/parent_prefix_path/can_interfaces
[0.891s] -- Up-to-date: /home/lyx/Desktop/pc/SideWalkrobot_CAN/install/can_interfaces/share/can_interfaces/environment/ament_prefix_path.sh
[0.891s] -- Up-to-date: /home/lyx/Desktop/pc/SideWalkrobot_CAN/install/can_interfaces/share/can_interfaces/environment/ament_prefix_path.dsv
[0.891s] -- Up-to-date: /home/lyx/Desktop/pc/SideWalkrobot_CAN/install/can_interfaces/share/can_interfaces/environment/path.sh
[0.892s] -- Up-to-date: /home/lyx/Desktop/pc/SideWalkrobot_CAN/install/can_interfaces/share/can_interfaces/environment/path.dsv
[0.892s] -- Up-to-date: /home/lyx/Desktop/pc/SideWalkrobot_CAN/install/can_interfaces/share/can_interfaces/local_setup.bash
[0.892s] -- Up-to-date: /home/lyx/Desktop/pc/SideWalkrobot_CAN/install/can_interfaces/share/can_interfaces/local_setup.sh
[0.892s] -- Up-to-date: /home/lyx/Desktop/pc/SideWalkrobot_CAN/install/can_interfaces/share/can_interfaces/local_setup.zsh
[0.892s] -- Up-to-date: /home/lyx/Desktop/pc/SideWalkrobot_CAN/install/can_interfaces/share/can_interfaces/local_setup.dsv
[0.892s] -- Installing: /home/lyx/Desktop/pc/SideWalkrobot_CAN/install/can_interfaces/share/can_interfaces/package.dsv
[0.892s] -- Up-to-date: /home/lyx/Desktop/pc/SideWalkrobot_CAN/install/can_interfaces/share/ament_index/resource_index/packages/can_interfaces
[0.892s] -- Up-to-date: /home/lyx/Desktop/pc/SideWalkrobot_CAN/install/can_interfaces/share/can_interfaces/cmake/export_can_interfaces__rosidl_generator_cExport.cmake
[0.893s] -- Up-to-date: /home/lyx/Desktop/pc/SideWalkrobot_CAN/install/can_interfaces/share/can_interfaces/cmake/export_can_interfaces__rosidl_generator_cExport-noconfig.cmake
[0.893s] -- Up-to-date: /home/lyx/Desktop/pc/SideWalkrobot_CAN/install/can_interfaces/share/can_interfaces/cmake/export_can_interfaces__rosidl_typesupport_fastrtps_cExport.cmake
[0.894s] -- Up-to-date: /home/lyx/Desktop/pc/SideWalkrobot_CAN/install/can_interfaces/share/can_interfaces/cmake/export_can_interfaces__rosidl_typesupport_fastrtps_cExport-noconfig.cmake
[0.894s] -- Up-to-date: /home/lyx/Desktop/pc/SideWalkrobot_CAN/install/can_interfaces/share/can_interfaces/cmake/export_can_interfaces__rosidl_generator_cppExport.cmake
[0.894s] -- Up-to-date: /home/lyx/Desktop/pc/SideWalkrobot_CAN/install/can_interfaces/share/can_interfaces/cmake/export_can_interfaces__rosidl_typesupport_fastrtps_cppExport.cmake
[0.894s] -- Up-to-date: /home/lyx/Desktop/pc/SideWalkrobot_CAN/install/can_interfaces/share/can_interfaces/cmake/export_can_interfaces__rosidl_typesupport_fastrtps_cppExport-noconfig.cmake
[0.895s] -- Up-to-date: /home/lyx/Desktop/pc/SideWalkrobot_CAN/install/can_interfaces/share/can_interfaces/cmake/can_interfaces__rosidl_typesupport_introspection_cExport.cmake
[0.895s] -- Up-to-date: /home/lyx/Desktop/pc/SideWalkrobot_CAN/install/can_interfaces/share/can_interfaces/cmake/can_interfaces__rosidl_typesupport_introspection_cExport-noconfig.cmake
[0.895s] -- Up-to-date: /home/lyx/Desktop/pc/SideWalkrobot_CAN/install/can_interfaces/share/can_interfaces/cmake/can_interfaces__rosidl_typesupport_cExport.cmake
[0.895s] -- Up-to-date: /home/lyx/Desktop/pc/SideWalkrobot_CAN/install/can_interfaces/share/can_interfaces/cmake/can_interfaces__rosidl_typesupport_cExport-noconfig.cmake
[0.896s] -- Up-to-date: /home/lyx/Desktop/pc/SideWalkrobot_CAN/install/can_interfaces/share/can_interfaces/cmake/can_interfaces__rosidl_typesupport_introspection_cppExport.cmake
[0.896s] -- Up-to-date: /home/lyx/Desktop/pc/SideWalkrobot_CAN/install/can_interfaces/share/can_interfaces/cmake/can_interfaces__rosidl_typesupport_introspection_cppExport-noconfig.cmake
[0.896s] -- Up-to-date: /home/lyx/Desktop/pc/SideWalkrobot_CAN/install/can_interfaces/share/can_interfaces/cmake/can_interfaces__rosidl_typesupport_cppExport.cmake
[0.896s] -- Up-to-date: /home/lyx/Desktop/pc/SideWalkrobot_CAN/install/can_interfaces/share/can_interfaces/cmake/can_interfaces__rosidl_typesupport_cppExport-noconfig.cmake
[0.897s] -- Up-to-date: /home/lyx/Desktop/pc/SideWalkrobot_CAN/install/can_interfaces/share/can_interfaces/cmake/export_can_interfaces__rosidl_generator_pyExport.cmake
[0.897s] -- Up-to-date: /home/lyx/Desktop/pc/SideWalkrobot_CAN/install/can_interfaces/share/can_interfaces/cmake/export_can_interfaces__rosidl_generator_pyExport-noconfig.cmake
[0.897s] -- Up-to-date: /home/lyx/Desktop/pc/SideWalkrobot_CAN/install/can_interfaces/share/can_interfaces/cmake/rosidl_cmake-extras.cmake
[0.898s] -- Up-to-date: /home/lyx/Desktop/pc/SideWalkrobot_CAN/install/can_interfaces/share/can_interfaces/cmake/ament_cmake_export_dependencies-extras.cmake
[0.898s] -- Up-to-date: /home/lyx/Desktop/pc/SideWalkrobot_CAN/install/can_interfaces/share/can_interfaces/cmake/ament_cmake_export_include_directories-extras.cmake
[0.898s] -- Up-to-date: /home/lyx/Desktop/pc/SideWalkrobot_CAN/install/can_interfaces/share/can_interfaces/cmake/ament_cmake_export_libraries-extras.cmake
[0.898s] -- Up-to-date: /home/lyx/Desktop/pc/SideWalkrobot_CAN/install/can_interfaces/share/can_interfaces/cmake/ament_cmake_export_targets-extras.cmake
[0.898s] -- Up-to-date: /home/lyx/Desktop/pc/SideWalkrobot_CAN/install/can_interfaces/share/can_interfaces/cmake/rosidl_cmake_export_typesupport_targets-extras.cmake
[0.899s] -- Up-to-date: /home/lyx/Desktop/pc/SideWalkrobot_CAN/install/can_interfaces/share/can_interfaces/cmake/rosidl_cmake_export_typesupport_libraries-extras.cmake
[0.899s] -- Up-to-date: /home/lyx/Desktop/pc/SideWalkrobot_CAN/install/can_interfaces/share/can_interfaces/cmake/can_interfacesConfig.cmake
[0.899s] -- Up-to-date: /home/lyx/Desktop/pc/SideWalkrobot_CAN/install/can_interfaces/share/can_interfaces/cmake/can_interfacesConfig-version.cmake
[0.900s] -- Up-to-date: /home/lyx/Desktop/pc/SideWalkrobot_CAN/install/can_interfaces/share/can_interfaces/package.xml
[0.908s] Invoked command in '/home/lyx/Desktop/pc/SideWalkrobot_CAN/build/can_interfaces' returned '0': CMAKE_PREFIX_PATH=${CMAKE_PREFIX_PATH}:/home/lyx/Desktop/pc/SideWalkrobot_CAN/install/swrob_can:/opt/ros/humble /home/lyx/.local/bin/cmake --install /home/lyx/Desktop/pc/SideWalkrobot_CAN/build/can_interfaces
