[0.784s] Invoking command in '/home/lyx/Desktop/pc/SideWalkrobot_CAN/src/swrob_can': PYTHONPATH=/home/lyx/Desktop/pc/SideWalkrobot_CAN/install/swrob_can/lib/python3.10/site-packages:${PYTHONPATH} /usr/bin/python3 setup.py egg_info --egg-base ../../build/swrob_can build --build-base /home/lyx/Desktop/pc/SideWalkrobot_CAN/build/swrob_can/build install --prefix /home/lyx/Desktop/pc/SideWalkrobot_CAN/install/swrob_can --record /home/lyx/Desktop/pc/SideWalkrobot_CAN/build/swrob_can/install.log --single-version-externally-managed
[1.112s] running egg_info
[1.113s] writing ../../build/swrob_can/swrob_can.egg-info/PKG-INFO
[1.114s] writing dependency_links to ../../build/swrob_can/swrob_can.egg-info/dependency_links.txt
[1.115s] writing entry points to ../../build/swrob_can/swrob_can.egg-info/entry_points.txt
[1.115s] writing requirements to ../../build/swrob_can/swrob_can.egg-info/requires.txt
[1.116s] writing top-level names to ../../build/swrob_can/swrob_can.egg-info/top_level.txt
[1.120s] reading manifest file '../../build/swrob_can/swrob_can.egg-info/SOURCES.txt'
[1.121s] writing manifest file '../../build/swrob_can/swrob_can.egg-info/SOURCES.txt'
[1.121s] running build
[1.121s] running build_py
[1.122s] running install
[1.122s] running install_lib
[1.124s] running install_data
[1.124s] running install_egg_info
[1.126s] removing '/home/lyx/Desktop/pc/SideWalkrobot_CAN/install/swrob_can/lib/python3.10/site-packages/swrob_can-0.0.0-py3.10.egg-info' (and everything under it)
[1.143s] Copying ../../build/swrob_can/swrob_can.egg-info to /home/lyx/Desktop/pc/SideWalkrobot_CAN/install/swrob_can/lib/python3.10/site-packages/swrob_can-0.0.0-py3.10.egg-info
[1.143s] running install_scripts
[1.163s] Installing canbus_node script to /home/lyx/Desktop/pc/SideWalkrobot_CAN/install/swrob_can/lib/swrob_can
[1.163s] writing list of installed files to '/home/lyx/Desktop/pc/SideWalkrobot_CAN/build/swrob_can/install.log'
[1.207s] Invoked command in '/home/lyx/Desktop/pc/SideWalkrobot_CAN/src/swrob_can' returned '0': PYTHONPATH=/home/lyx/Desktop/pc/SideWalkrobot_CAN/install/swrob_can/lib/python3.10/site-packages:${PYTHONPATH} /usr/bin/python3 setup.py egg_info --egg-base ../../build/swrob_can build --build-base /home/lyx/Desktop/pc/SideWalkrobot_CAN/build/swrob_can/build install --prefix /home/lyx/Desktop/pc/SideWalkrobot_CAN/install/swrob_can --record /home/lyx/Desktop/pc/SideWalkrobot_CAN/build/swrob_can/install.log --single-version-externally-managed
