running egg_info
creating ../../build/swrob_can/swrob_can.egg-info
writing ../../build/swrob_can/swrob_can.egg-info/PKG-INFO
writing dependency_links to ../../build/swrob_can/swrob_can.egg-info/dependency_links.txt
writing entry points to ../../build/swrob_can/swrob_can.egg-info/entry_points.txt
writing requirements to ../../build/swrob_can/swrob_can.egg-info/requires.txt
writing top-level names to ../../build/swrob_can/swrob_can.egg-info/top_level.txt
writing manifest file '../../build/swrob_can/swrob_can.egg-info/SOURCES.txt'
reading manifest file '../../build/swrob_can/swrob_can.egg-info/SOURCES.txt'
writing manifest file '../../build/swrob_can/swrob_can.egg-info/SOURCES.txt'
running build
running build_py
creating /home/peng/swrob_ws/build/swrob_can/build
creating /home/peng/swrob_ws/build/swrob_can/build/lib
creating /home/peng/swrob_ws/build/swrob_can/build/lib/swrob_can
copying swrob_can/canbus.py -> /home/peng/swrob_ws/build/swrob_can/build/lib/swrob_can
copying swrob_can/__init__.py -> /home/peng/swrob_ws/build/swrob_can/build/lib/swrob_can
running install
running install_lib
creating /home/peng/swrob_ws/install/swrob_can/lib/python3.10/site-packages/swrob_can
copying /home/peng/swrob_ws/build/swrob_can/build/lib/swrob_can/canbus.py -> /home/peng/swrob_ws/install/swrob_can/lib/python3.10/site-packages/swrob_can
copying /home/peng/swrob_ws/build/swrob_can/build/lib/swrob_can/__init__.py -> /home/peng/swrob_ws/install/swrob_can/lib/python3.10/site-packages/swrob_can
byte-compiling /home/peng/swrob_ws/install/swrob_can/lib/python3.10/site-packages/swrob_can/canbus.py to canbus.cpython-310.pyc
byte-compiling /home/peng/swrob_ws/install/swrob_can/lib/python3.10/site-packages/swrob_can/__init__.py to __init__.cpython-310.pyc
running install_data
creating /home/peng/swrob_ws/install/swrob_can/share/ament_index
creating /home/peng/swrob_ws/install/swrob_can/share/ament_index/resource_index
creating /home/peng/swrob_ws/install/swrob_can/share/ament_index/resource_index/packages
copying resource/swrob_can -> /home/peng/swrob_ws/install/swrob_can/share/ament_index/resource_index/packages
copying package.xml -> /home/peng/swrob_ws/install/swrob_can/share/swrob_can
running install_egg_info
Copying ../../build/swrob_can/swrob_can.egg-info to /home/peng/swrob_ws/install/swrob_can/lib/python3.10/site-packages/swrob_can-0.0.0-py3.10.egg-info
running install_scripts
Installing canbus_node script to /home/peng/swrob_ws/install/swrob_can/lib/swrob_can
writing list of installed files to '/home/peng/swrob_ws/build/swrob_can/install.log'
