[1.725s] Invoking command in '/home/peng/swrob_ws/src/swrob_can': PYTHONPATH=/home/peng/swrob_ws/install/swrob_can/lib/python3.10/site-packages:${PYTHONPATH} /usr/bin/python3 setup.py egg_info --egg-base ../../build/swrob_can build --build-base /home/peng/swrob_ws/build/swrob_can/build install --prefix /home/peng/swrob_ws/install/swrob_can --record /home/peng/swrob_ws/build/swrob_can/install.log --single-version-externally-managed
[1.901s] running egg_info
[1.901s] creating ../../build/swrob_can/swrob_can.egg-info
[1.901s] writing ../../build/swrob_can/swrob_can.egg-info/PKG-INFO
[1.901s] writing dependency_links to ../../build/swrob_can/swrob_can.egg-info/dependency_links.txt
[1.902s] writing entry points to ../../build/swrob_can/swrob_can.egg-info/entry_points.txt
[1.902s] writing requirements to ../../build/swrob_can/swrob_can.egg-info/requires.txt
[1.902s] writing top-level names to ../../build/swrob_can/swrob_can.egg-info/top_level.txt
[1.902s] writing manifest file '../../build/swrob_can/swrob_can.egg-info/SOURCES.txt'
[1.903s] reading manifest file '../../build/swrob_can/swrob_can.egg-info/SOURCES.txt'
[1.904s] writing manifest file '../../build/swrob_can/swrob_can.egg-info/SOURCES.txt'
[1.904s] running build
[1.904s] running build_py
[1.904s] creating /home/peng/swrob_ws/build/swrob_can/build
[1.904s] creating /home/peng/swrob_ws/build/swrob_can/build/lib
[1.904s] creating /home/peng/swrob_ws/build/swrob_can/build/lib/swrob_can
[1.904s] copying swrob_can/canbus.py -> /home/peng/swrob_ws/build/swrob_can/build/lib/swrob_can
[1.904s] copying swrob_can/__init__.py -> /home/peng/swrob_ws/build/swrob_can/build/lib/swrob_can
[1.904s] running install
[1.918s] /usr/lib/python3/dist-packages/setuptools/command/install.py:34: SetuptoolsDeprecationWarning: setup.py install is deprecated. Use build and pip and other standards-based tools.
[1.918s]   warnings.warn(
[1.918s] running install_lib
[1.919s] creating /home/peng/swrob_ws/install/swrob_can/lib/python3.10/site-packages/swrob_can
[1.919s] copying /home/peng/swrob_ws/build/swrob_can/build/lib/swrob_can/canbus.py -> /home/peng/swrob_ws/install/swrob_can/lib/python3.10/site-packages/swrob_can
[1.919s] copying /home/peng/swrob_ws/build/swrob_can/build/lib/swrob_can/__init__.py -> /home/peng/swrob_ws/install/swrob_can/lib/python3.10/site-packages/swrob_can
[1.919s] byte-compiling /home/peng/swrob_ws/install/swrob_can/lib/python3.10/site-packages/swrob_can/canbus.py to canbus.cpython-310.pyc
[1.920s] byte-compiling /home/peng/swrob_ws/install/swrob_can/lib/python3.10/site-packages/swrob_can/__init__.py to __init__.cpython-310.pyc
[1.920s] running install_data
[1.920s] creating /home/peng/swrob_ws/install/swrob_can/share/ament_index
[1.920s] creating /home/peng/swrob_ws/install/swrob_can/share/ament_index/resource_index
[1.920s] creating /home/peng/swrob_ws/install/swrob_can/share/ament_index/resource_index/packages
[1.920s] copying resource/swrob_can -> /home/peng/swrob_ws/install/swrob_can/share/ament_index/resource_index/packages
[1.921s] copying package.xml -> /home/peng/swrob_ws/install/swrob_can/share/swrob_can
[1.921s] running install_egg_info
[1.922s] Copying ../../build/swrob_can/swrob_can.egg-info to /home/peng/swrob_ws/install/swrob_can/lib/python3.10/site-packages/swrob_can-0.0.0-py3.10.egg-info
[1.922s] running install_scripts
[1.936s] Installing canbus_node script to /home/peng/swrob_ws/install/swrob_can/lib/swrob_can
[1.936s] writing list of installed files to '/home/peng/swrob_ws/build/swrob_can/install.log'
[1.950s] Invoked command in '/home/peng/swrob_ws/src/swrob_can' returned '0': PYTHONPATH=/home/peng/swrob_ws/install/swrob_can/lib/python3.10/site-packages:${PYTHONPATH} /usr/bin/python3 setup.py egg_info --egg-base ../../build/swrob_can build --build-base /home/peng/swrob_ws/build/swrob_can/build install --prefix /home/peng/swrob_ws/install/swrob_can --record /home/peng/swrob_ws/build/swrob_can/install.log --single-version-externally-managed
