[0.745s] Invoking command in '/home/lyx/Desktop/pc/SideWalkrobot_CAN/src/swrob_can': PYTHONPATH=/home/lyx/Desktop/pc/SideWalkrobot_CAN/install/swrob_can/lib/python3.10/site-packages:${PYTHONPATH} /usr/bin/python3 setup.py egg_info --egg-base ../../build/swrob_can build --build-base /home/lyx/Desktop/pc/SideWalkrobot_CAN/build/swrob_can/build install --prefix /home/lyx/Desktop/pc/SideWalkrobot_CAN/install/swrob_can --record /home/lyx/Desktop/pc/SideWalkrobot_CAN/build/swrob_can/install.log --single-version-externally-managed
[1.089s] running egg_info
[1.090s] writing ../../build/swrob_can/swrob_can.egg-info/PKG-INFO
[1.091s] writing dependency_links to ../../build/swrob_can/swrob_can.egg-info/dependency_links.txt
[1.092s] writing entry points to ../../build/swrob_can/swrob_can.egg-info/entry_points.txt
[1.092s] writing requirements to ../../build/swrob_can/swrob_can.egg-info/requires.txt
[1.093s] writing top-level names to ../../build/swrob_can/swrob_can.egg-info/top_level.txt
[1.098s] reading manifest file '../../build/swrob_can/swrob_can.egg-info/SOURCES.txt'
[1.101s] writing manifest file '../../build/swrob_can/swrob_can.egg-info/SOURCES.txt'
[1.102s] running build
[1.102s] running build_py
[1.103s] copying swrob_can/canbus.py -> /home/lyx/Desktop/pc/SideWalkrobot_CAN/build/swrob_can/build/lib/swrob_can
[1.104s] running install
[1.105s] running install_lib
[1.107s] copying /home/lyx/Desktop/pc/SideWalkrobot_CAN/build/swrob_can/build/lib/swrob_can/canbus.py -> /home/lyx/Desktop/pc/SideWalkrobot_CAN/install/swrob_can/lib/python3.10/site-packages/swrob_can
[1.109s] byte-compiling /home/lyx/Desktop/pc/SideWalkrobot_CAN/install/swrob_can/lib/python3.10/site-packages/swrob_can/canbus.py to canbus.cpython-310.pyc
[1.111s] running install_data
[1.112s] running install_egg_info
[1.115s] removing '/home/lyx/Desktop/pc/SideWalkrobot_CAN/install/swrob_can/lib/python3.10/site-packages/swrob_can-0.0.0-py3.10.egg-info' (and everything under it)
[1.115s] Copying ../../build/swrob_can/swrob_can.egg-info to /home/lyx/Desktop/pc/SideWalkrobot_CAN/install/swrob_can/lib/python3.10/site-packages/swrob_can-0.0.0-py3.10.egg-info
[1.117s] running install_scripts
[1.139s] Installing canbus_node script to /home/lyx/Desktop/pc/SideWalkrobot_CAN/install/swrob_can/lib/swrob_can
[1.139s] writing list of installed files to '/home/lyx/Desktop/pc/SideWalkrobot_CAN/build/swrob_can/install.log'
[1.172s] Invoked command in '/home/lyx/Desktop/pc/SideWalkrobot_CAN/src/swrob_can' returned '0': PYTHONPATH=/home/lyx/Desktop/pc/SideWalkrobot_CAN/install/swrob_can/lib/python3.10/site-packages:${PYTHONPATH} /usr/bin/python3 setup.py egg_info --egg-base ../../build/swrob_can build --build-base /home/lyx/Desktop/pc/SideWalkrobot_CAN/build/swrob_can/build install --prefix /home/lyx/Desktop/pc/SideWalkrobot_CAN/install/swrob_can --record /home/lyx/Desktop/pc/SideWalkrobot_CAN/build/swrob_can/install.log --single-version-externally-managed
